Using pre-set license
Built from '2020.3/staging' branch; Version is '2020.3.11f1 (99c7afb366b3) revision 10078127'; Using compiler version '192528614'; Build Type 'Release'
OS: 'Windows 10 Home; OS build 19043.1165; Version 2009; 64bit' Language: 'zh' Physical Memory: 16335 MB
BatchMode: 1, IsHumanControllingUs: 0, StartBugReporterOnCrash: 0, Is64bit: 1, IsPro: 0

 COMMAND LINE ARGUMENTS:
C:\Program Files\Unity\Hub\Editor\2020.3.11f1\Editor\Unity.exe
-adb2
-batchMode
-noUpm
-name
AssetImportWorker0
-projectPath
D:/dev/UnityPractice_03/UdemyUnityCourse04
-logFile
Logs/AssetImportWorker0.log
-srvPort
8215
Successfully changed project path to: D:/dev/UnityPractice_03/UdemyUnityCourse04
D:/dev/UnityPractice_03/UdemyUnityCourse04
Using Asset Import Pipeline V2.
Refreshing native plugins compatible for Editor in 27.98 ms, found 2 plugins.
Preloading 0 native plugins for Editor in 0.00 ms.
Initialize engine version: 2020.3.11f1 (99c7afb366b3)
[Subsystems] Discovering subsystems at path C:/Program Files/Unity/Hub/Editor/2020.3.11f1/Editor/Data/Resources/UnitySubsystems
[Subsystems] Discovering subsystems at path D:/dev/UnityPractice_03/UdemyUnityCourse04/Assets
GfxDevice: creating device client; threaded=0
Direct3D:
    Version:  Direct3D 11.0 [level 11.1]
    Renderer: NVIDIA GeForce GTX 1060 6GB (ID=0x1c03)
    Vendor:   
    VRAM:     6052 MB
    Driver:   30.0.14.7168
Initialize mono
Mono path[0] = 'C:/Program Files/Unity/Hub/Editor/2020.3.11f1/Editor/Data/Managed'
Mono path[1] = 'C:/Program Files/Unity/Hub/Editor/2020.3.11f1/Editor/Data/MonoBleedingEdge/lib/mono/unityjit'
Mono config path = 'C:/Program Files/Unity/Hub/Editor/2020.3.11f1/Editor/Data/MonoBleedingEdge/etc'
Using monoOptions --debugger-agent=transport=dt_socket,embedding=1,server=y,suspend=n,address=127.0.0.1:56936
Begin MonoManager ReloadAssembly
Registering precompiled unity dll's ...
Register platform support module: C:/Program Files/Unity/Hub/Editor/2020.3.11f1/Editor/Data/PlaybackEngines/WebGLSupport/UnityEditor.WebGL.Extensions.dll
Register platform support module: C:/Program Files/Unity/Hub/Editor/2020.3.11f1/Editor/Data/PlaybackEngines/WindowsStandaloneSupport/UnityEditor.WindowsStandalone.Extensions.dll
Registered in 0.002614 seconds.
Native extension for WindowsStandalone target not found
Native extension for WebGL target not found
Refreshing native plugins compatible for Editor in 26.20 ms, found 2 plugins.
Preloading 0 native plugins for Editor in 0.00 ms.
Mono: successfully reloaded assembly
- Completed reload, in  2.105 seconds
Platform modules already initialized, skipping
Registering precompiled user dll's ...
Registered in 0.002751 seconds.
Begin MonoManager ReloadAssembly
Native extension for WindowsStandalone target not found
Native extension for WebGL target not found
Refreshing native plugins compatible for Editor in 30.34 ms, found 2 plugins.
Preloading 0 native plugins for Editor in 0.00 ms.
Mono: successfully reloaded assembly
- Completed reload, in  1.223 seconds
Platform modules already initialized, skipping
========================================================================
Worker process is ready to serve import requests
Launched and connected shader compiler UnityShaderCompiler.exe after 0.04 seconds
Refreshing native plugins compatible for Editor in 0.31 ms, found 2 plugins.
Preloading 0 native plugins for Editor in 0.00 ms.
Unloading 1595 Unused Serialized files (Serialized files now loaded: 0)
System memory in use before: 101.2 MB.
System memory in use after: 101.0 MB.

Unloading 32 unused Assets to reduce memory usage. Loaded Objects now: 2065.
Total: 1.961500 ms (FindLiveObjects: 0.153200 ms CreateObjectMapping: 0.043500 ms MarkObjects: 1.574200 ms  DeleteObjects: 0.189800 ms)

========================================================================
Received Import Request.
  path: Assets/0_Game/Prefabs/Laser 1.prefab
  artifactKey: Guid(9f8a5881580e1544584ca7841c30e959) Importer(815301076,1909f56bfc062723c751e8b465ee728b)
Start importing Assets/0_Game/Prefabs/Laser 1.prefab using Guid(9f8a5881580e1544584ca7841c30e959) Importer(815301076,1909f56bfc062723c751e8b465ee728b)  -> (artifact id: '6aedbb31e08f9e175987a0128a972298') in 0.046215 seconds
  Import took 0.048439 seconds .

========================================================================
Received Import Request.
  Time since last request: 1.302462 seconds.
  path: Assets/0_Game/Prefabs/Laser.prefab
  artifactKey: Guid(9f8a5881580e1544584ca7841c30e959) Importer(815301076,1909f56bfc062723c751e8b465ee728b)
Start importing Assets/0_Game/Prefabs/Laser.prefab using Guid(9f8a5881580e1544584ca7841c30e959) Importer(815301076,1909f56bfc062723c751e8b465ee728b)  -> (artifact id: '0a9b1e73993cd71260c5cabd54467e70') in 0.002659 seconds
  Import took 0.004838 seconds .

========================================================================
Received Prepare
Registering precompiled user dll's ...
Registered in 0.002665 seconds.
Begin MonoManager ReloadAssembly
Native extension for WindowsStandalone target not found
Native extension for WebGL target not found
Refreshing native plugins compatible for Editor in 0.31 ms, found 2 plugins.
Preloading 0 native plugins for Editor in 0.00 ms.
Mono: successfully reloaded assembly
- Completed reload, in  1.128 seconds
Platform modules already initialized, skipping
Refreshing native plugins compatible for Editor in 0.39 ms, found 2 plugins.
Preloading 0 native plugins for Editor in 0.00 ms.
Unloading 1549 Unused Serialized files (Serialized files now loaded: 0)
System memory in use before: 97.2 MB.
System memory in use after: 97.1 MB.

Unloading 17 unused Assets to reduce memory usage. Loaded Objects now: 2067.
Total: 2.471700 ms (FindLiveObjects: 0.219400 ms CreateObjectMapping: 0.056200 ms MarkObjects: 1.998600 ms  DeleteObjects: 0.196400 ms)

========================================================================
Received Prepare
Registering precompiled user dll's ...
Registered in 0.002746 seconds.
Begin MonoManager ReloadAssembly
Native extension for WindowsStandalone target not found
Native extension for WebGL target not found
Refreshing native plugins compatible for Editor in 0.32 ms, found 2 plugins.
Preloading 0 native plugins for Editor in 0.00 ms.
Mono: successfully reloaded assembly
- Completed reload, in  1.211 seconds
Platform modules already initialized, skipping
Refreshing native plugins compatible for Editor in 0.32 ms, found 2 plugins.
Preloading 0 native plugins for Editor in 0.00 ms.
Unloading 1549 Unused Serialized files (Serialized files now loaded: 0)
System memory in use before: 97.2 MB.
System memory in use after: 97.1 MB.

Unloading 17 unused Assets to reduce memory usage. Loaded Objects now: 2069.
Total: 2.009000 ms (FindLiveObjects: 0.143800 ms CreateObjectMapping: 0.042600 ms MarkObjects: 1.651900 ms  DeleteObjects: 0.169600 ms)

========================================================================
Received Prepare
Registering precompiled user dll's ...
Registered in 0.002770 seconds.
Begin MonoManager ReloadAssembly
Native extension for WindowsStandalone target not found
Native extension for WebGL target not found
Refreshing native plugins compatible for Editor in 0.32 ms, found 2 plugins.
Preloading 0 native plugins for Editor in 0.00 ms.
Mono: successfully reloaded assembly
- Completed reload, in  1.124 seconds
Platform modules already initialized, skipping
Refreshing native plugins compatible for Editor in 0.34 ms, found 2 plugins.
Preloading 0 native plugins for Editor in 0.00 ms.
Unloading 1549 Unused Serialized files (Serialized files now loaded: 0)
System memory in use before: 97.2 MB.
System memory in use after: 97.1 MB.

Unloading 17 unused Assets to reduce memory usage. Loaded Objects now: 2071.
Total: 1.924600 ms (FindLiveObjects: 0.148800 ms CreateObjectMapping: 0.038100 ms MarkObjects: 1.563600 ms  DeleteObjects: 0.173300 ms)

========================================================================
Received Prepare
Registering precompiled user dll's ...
Registered in 0.002693 seconds.
Begin MonoManager ReloadAssembly
Native extension for WindowsStandalone target not found
Native extension for WebGL target not found
Refreshing native plugins compatible for Editor in 0.32 ms, found 2 plugins.
Preloading 0 native plugins for Editor in 0.00 ms.
Mono: successfully reloaded assembly
- Completed reload, in  1.207 seconds
Platform modules already initialized, skipping
Refreshing native plugins compatible for Editor in 0.32 ms, found 2 plugins.
Preloading 0 native plugins for Editor in 0.00 ms.
Unloading 1549 Unused Serialized files (Serialized files now loaded: 0)
System memory in use before: 97.2 MB.
System memory in use after: 97.1 MB.

Unloading 17 unused Assets to reduce memory usage. Loaded Objects now: 2073.
Total: 2.169400 ms (FindLiveObjects: 0.146900 ms CreateObjectMapping: 0.039700 ms MarkObjects: 1.801100 ms  DeleteObjects: 0.181000 ms)

========================================================================
Received Prepare
Registering precompiled user dll's ...
Registered in 0.002789 seconds.
Begin MonoManager ReloadAssembly
Native extension for WindowsStandalone target not found
Native extension for WebGL target not found
Refreshing native plugins compatible for Editor in 0.35 ms, found 2 plugins.
Preloading 0 native plugins for Editor in 0.00 ms.
Mono: successfully reloaded assembly
- Completed reload, in  1.151 seconds
Platform modules already initialized, skipping
Refreshing native plugins compatible for Editor in 0.32 ms, found 2 plugins.
Preloading 0 native plugins for Editor in 0.00 ms.
Unloading 1549 Unused Serialized files (Serialized files now loaded: 0)
System memory in use before: 97.2 MB.
System memory in use after: 97.1 MB.

Unloading 17 unused Assets to reduce memory usage. Loaded Objects now: 2075.
Total: 1.755000 ms (FindLiveObjects: 0.125600 ms CreateObjectMapping: 0.039600 ms MarkObjects: 1.417200 ms  DeleteObjects: 0.172000 ms)

========================================================================
Received Prepare
Registering precompiled user dll's ...
Registered in 0.002761 seconds.
Begin MonoManager ReloadAssembly
Native extension for WindowsStandalone target not found
Native extension for WebGL target not found
Refreshing native plugins compatible for Editor in 0.32 ms, found 2 plugins.
Preloading 0 native plugins for Editor in 0.00 ms.
Mono: successfully reloaded assembly
- Completed reload, in  1.140 seconds
Platform modules already initialized, skipping
Refreshing native plugins compatible for Editor in 0.34 ms, found 2 plugins.
Preloading 0 native plugins for Editor in 0.00 ms.
Unloading 1549 Unused Serialized files (Serialized files now loaded: 0)
System memory in use before: 97.2 MB.
System memory in use after: 97.1 MB.

Unloading 17 unused Assets to reduce memory usage. Loaded Objects now: 2077.
Total: 1.903800 ms (FindLiveObjects: 0.132900 ms CreateObjectMapping: 0.045800 ms MarkObjects: 1.541100 ms  DeleteObjects: 0.183100 ms)

========================================================================
Received Prepare
Registering precompiled user dll's ...
Registered in 0.002679 seconds.
Begin MonoManager ReloadAssembly
Native extension for WindowsStandalone target not found
Native extension for WebGL target not found
Refreshing native plugins compatible for Editor in 0.32 ms, found 2 plugins.
Preloading 0 native plugins for Editor in 0.00 ms.
Mono: successfully reloaded assembly
- Completed reload, in  1.184 seconds
Platform modules already initialized, skipping
Refreshing native plugins compatible for Editor in 0.32 ms, found 2 plugins.
Preloading 0 native plugins for Editor in 0.00 ms.
Unloading 1549 Unused Serialized files (Serialized files now loaded: 0)
System memory in use before: 97.3 MB.
System memory in use after: 97.1 MB.

Unloading 17 unused Assets to reduce memory usage. Loaded Objects now: 2079.
Total: 2.222100 ms (FindLiveObjects: 0.164600 ms CreateObjectMapping: 0.046000 ms MarkObjects: 1.826300 ms  DeleteObjects: 0.184100 ms)

========================================================================
Received Prepare
Registering precompiled user dll's ...
Registered in 0.002784 seconds.
Begin MonoManager ReloadAssembly
Native extension for WindowsStandalone target not found
Native extension for WebGL target not found
Refreshing native plugins compatible for Editor in 0.32 ms, found 2 plugins.
Preloading 0 native plugins for Editor in 0.00 ms.
Mono: successfully reloaded assembly
- Completed reload, in  1.148 seconds
Platform modules already initialized, skipping
Refreshing native plugins compatible for Editor in 0.33 ms, found 2 plugins.
Preloading 0 native plugins for Editor in 0.00 ms.
Unloading 1549 Unused Serialized files (Serialized files now loaded: 0)
System memory in use before: 97.3 MB.
System memory in use after: 97.2 MB.

Unloading 17 unused Assets to reduce memory usage. Loaded Objects now: 2081.
Total: 1.904000 ms (FindLiveObjects: 0.131900 ms CreateObjectMapping: 0.042400 ms MarkObjects: 1.550100 ms  DeleteObjects: 0.178800 ms)

========================================================================
Received Import Request.
  Time since last request: 1134.148522 seconds.
  path: Assets/0_Game/Prefabs/Player Rig 1.prefab
  artifactKey: Guid(e0809e21d6348cf4fb36e4bb35227f13) Importer(815301076,1909f56bfc062723c751e8b465ee728b)
Start importing Assets/0_Game/Prefabs/Player Rig 1.prefab using Guid(e0809e21d6348cf4fb36e4bb35227f13) Importer(815301076,1909f56bfc062723c751e8b465ee728b)  -> (artifact id: 'd54023d5293a65954672b9272a3901ed') in 0.201355 seconds
  Import took 0.206778 seconds .

========================================================================
Received Import Request.
  Time since last request: 0.618324 seconds.
  path: Assets/0_Game/Prefabs/Player Rig.prefab
  artifactKey: Guid(2a90b09135c92354f83d6fec48edf55a) Importer(815301076,1909f56bfc062723c751e8b465ee728b)
Start importing Assets/0_Game/Prefabs/Player Rig.prefab using Guid(2a90b09135c92354f83d6fec48edf55a) Importer(815301076,1909f56bfc062723c751e8b465ee728b)  -> (artifact id: '3b716aab726f21aa87f87eb51e8b96b7') in 0.085581 seconds
  Import took 0.092139 seconds .

========================================================================
Received Import Request.
  Time since last request: 3.490938 seconds.
  path: Assets/0_Game/Prefabs/Player Rig.prefab
  artifactKey: Guid(e0809e21d6348cf4fb36e4bb35227f13) Importer(815301076,1909f56bfc062723c751e8b465ee728b)
Start importing Assets/0_Game/Prefabs/Player Rig.prefab using Guid(e0809e21d6348cf4fb36e4bb35227f13) Importer(815301076,1909f56bfc062723c751e8b465ee728b)  -> (artifact id: '58b266ddc513708a27e53c9754a171d2') in 0.061180 seconds
  Import took 0.067594 seconds .

========================================================================
Received Import Request.
  Time since last request: 87.846541 seconds.
  path: Assets/0_Game/Experimenting
  artifactKey: Guid(aa5123846be43c64289260bdc078e60d) Importer(815301076,1909f56bfc062723c751e8b465ee728b)
Start importing Assets/0_Game/Experimenting using Guid(aa5123846be43c64289260bdc078e60d) Importer(815301076,1909f56bfc062723c751e8b465ee728b)  -> (artifact id: '1669d15a8c53449f293c7d005bae59f1') in 0.001485 seconds
  Import took 0.003924 seconds .

========================================================================
Received Import Request.
  Time since last request: 5.113202 seconds.
  path: Assets/0_Game/Experimenting/Plane.prefab
  artifactKey: Guid(0c095a01a0d7c7b45a3daf49f74330f2) Importer(815301076,1909f56bfc062723c751e8b465ee728b)
Start importing Assets/0_Game/Experimenting/Plane.prefab using Guid(0c095a01a0d7c7b45a3daf49f74330f2) Importer(815301076,1909f56bfc062723c751e8b465ee728b)  -> (artifact id: '5a806a75038e49cfc0bc5d2f5d09ac37') in 0.006285 seconds
  Import took 0.008641 seconds .

========================================================================
Received Import Request.
  Time since last request: 108.812861 seconds.
  path: Assets/0_Game/Experimenting/Cube.prefab
  artifactKey: Guid(a771c0f0b6c2af44aad0dec5e5f54716) Importer(815301076,1909f56bfc062723c751e8b465ee728b)
Start importing Assets/0_Game/Experimenting/Cube.prefab using Guid(a771c0f0b6c2af44aad0dec5e5f54716) Importer(815301076,1909f56bfc062723c751e8b465ee728b)  -> (artifact id: 'c11d2abac6b2a06d06b38d02479366e0') in 0.005880 seconds
  Import took 0.008263 seconds .

========================================================================
Received Import Request.
  Time since last request: 0.001885 seconds.
  path: Assets/0_Game/Experimenting/Cube.prefab
  artifactKey: Guid(a771c0f0b6c2af44aad0dec5e5f54716) Importer(815301076,1909f56bfc062723c751e8b465ee728b)
Start importing Assets/0_Game/Experimenting/Cube.prefab using Guid(a771c0f0b6c2af44aad0dec5e5f54716) Importer(815301076,1909f56bfc062723c751e8b465ee728b)  -> (artifact id: 'c11d2abac6b2a06d06b38d02479366e0') in 0.005294 seconds
  Import took 0.007722 seconds .

========================================================================
Received Import Request.
  Time since last request: 292.238443 seconds.
  path: Assets/0_Game/Experimenting/Parent.prefab
  artifactKey: Guid(12490805fbac8644983eece0c028b286) Importer(815301076,1909f56bfc062723c751e8b465ee728b)
Start importing Assets/0_Game/Experimenting/Parent.prefab using Guid(12490805fbac8644983eece0c028b286) Importer(815301076,1909f56bfc062723c751e8b465ee728b)  -> (artifact id: 'f310b2f164b1ffe4a4053cbd31d86e29') in 0.003135 seconds
  Import took 0.005771 seconds .

========================================================================
Received Import Request.
  Time since last request: 7.139474 seconds.
  path: Assets/0_Game/Experimenting/Parent.prefab
  artifactKey: Guid(12490805fbac8644983eece0c028b286) Importer(815301076,1909f56bfc062723c751e8b465ee728b)
Start importing Assets/0_Game/Experimenting/Parent.prefab using Guid(12490805fbac8644983eece0c028b286) Importer(815301076,1909f56bfc062723c751e8b465ee728b)  -> (artifact id: '722b7f6330f2d52312af218524e378b9') in 0.006479 seconds
  Import took 0.009109 seconds .

========================================================================
Received Import Request.
  Time since last request: 17.147358 seconds.
  path: Assets/0_Game/Experimenting/Capsule.prefab
  artifactKey: Guid(e18f6e80c5ba32b44b0aefa52b4d3a8f) Importer(815301076,1909f56bfc062723c751e8b465ee728b)
Start importing Assets/0_Game/Experimenting/Capsule.prefab using Guid(e18f6e80c5ba32b44b0aefa52b4d3a8f) Importer(815301076,1909f56bfc062723c751e8b465ee728b)  -> (artifact id: 'f371c7e618a03ad44b2e1fc6d418f072') in 0.006139 seconds
  Import took 0.008539 seconds .

========================================================================
Received Import Request.
  Time since last request: 1366.010287 seconds.
  path: Assets/0_Game/Prefabs/Laser.prefab
  artifactKey: Guid(9f8a5881580e1544584ca7841c30e959) Importer(815301076,1909f56bfc062723c751e8b465ee728b)
Start importing Assets/0_Game/Prefabs/Laser.prefab using Guid(9f8a5881580e1544584ca7841c30e959) Importer(815301076,1909f56bfc062723c751e8b465ee728b)  -> (artifact id: '26a1ea2b817f1cb3067e0e63cd1f6b5e') in 0.003231 seconds
  Import took 0.005894 seconds .

========================================================================
Received Prepare
Registering precompiled user dll's ...
Registered in 0.002932 seconds.
Begin MonoManager ReloadAssembly
Native extension for WindowsStandalone target not found
Native extension for WebGL target not found
Refreshing native plugins compatible for Editor in 0.32 ms, found 2 plugins.
Preloading 0 native plugins for Editor in 0.00 ms.
Mono: successfully reloaded assembly
- Completed reload, in  1.127 seconds
Platform modules already initialized, skipping
Refreshing native plugins compatible for Editor in 0.34 ms, found 2 plugins.
Preloading 0 native plugins for Editor in 0.00 ms.
Unloading 1549 Unused Serialized files (Serialized files now loaded: 0)
System memory in use before: 100.5 MB.
System memory in use after: 100.4 MB.

Unloading 18 unused Assets to reduce memory usage. Loaded Objects now: 2093.
Total: 1.991600 ms (FindLiveObjects: 0.144500 ms CreateObjectMapping: 0.037900 ms MarkObjects: 1.637600 ms  DeleteObjects: 0.170800 ms)

========================================================================
Received Prepare
Registering precompiled user dll's ...
Registered in 0.003012 seconds.
Begin MonoManager ReloadAssembly
Native extension for WindowsStandalone target not found
Native extension for WebGL target not found
Refreshing native plugins compatible for Editor in 0.33 ms, found 2 plugins.
Preloading 0 native plugins for Editor in 0.00 ms.
Mono: successfully reloaded assembly
- Completed reload, in  1.123 seconds
Platform modules already initialized, skipping
Refreshing native plugins compatible for Editor in 0.34 ms, found 2 plugins.
Preloading 0 native plugins for Editor in 0.00 ms.
Unloading 1549 Unused Serialized files (Serialized files now loaded: 0)
System memory in use before: 100.5 MB.
System memory in use after: 100.4 MB.

Unloading 17 unused Assets to reduce memory usage. Loaded Objects now: 2095.
Total: 1.986000 ms (FindLiveObjects: 0.148200 ms CreateObjectMapping: 0.039700 ms MarkObjects: 1.622700 ms  DeleteObjects: 0.174700 ms)

========================================================================
Received Prepare
Registering precompiled user dll's ...
Registered in 0.003076 seconds.
Begin MonoManager ReloadAssembly
Native extension for WindowsStandalone target not found
Native extension for WebGL target not found
Refreshing native plugins compatible for Editor in 0.32 ms, found 2 plugins.
Preloading 0 native plugins for Editor in 0.00 ms.
Mono: successfully reloaded assembly
- Completed reload, in  1.130 seconds
Platform modules already initialized, skipping
Refreshing native plugins compatible for Editor in 0.33 ms, found 2 plugins.
Preloading 0 native plugins for Editor in 0.00 ms.
Unloading 1549 Unused Serialized files (Serialized files now loaded: 0)
System memory in use before: 100.5 MB.
System memory in use after: 100.4 MB.

Unloading 17 unused Assets to reduce memory usage. Loaded Objects now: 2097.
Total: 1.852200 ms (FindLiveObjects: 0.139000 ms CreateObjectMapping: 0.048700 ms MarkObjects: 1.490100 ms  DeleteObjects: 0.173300 ms)

========================================================================
Received Prepare
Registering precompiled user dll's ...
Registered in 0.003018 seconds.
Begin MonoManager ReloadAssembly
Native extension for WindowsStandalone target not found
Native extension for WebGL target not found
Refreshing native plugins compatible for Editor in 0.32 ms, found 2 plugins.
Preloading 0 native plugins for Editor in 0.00 ms.
Mono: successfully reloaded assembly
- Completed reload, in  1.130 seconds
Platform modules already initialized, skipping
Refreshing native plugins compatible for Editor in 0.33 ms, found 2 plugins.
Preloading 0 native plugins for Editor in 0.00 ms.
Unloading 1549 Unused Serialized files (Serialized files now loaded: 0)
System memory in use before: 100.5 MB.
System memory in use after: 100.4 MB.

Unloading 17 unused Assets to reduce memory usage. Loaded Objects now: 2099.
Total: 1.831200 ms (FindLiveObjects: 0.136400 ms CreateObjectMapping: 0.036700 ms MarkObjects: 1.478800 ms  DeleteObjects: 0.178400 ms)

========================================================================
Received Prepare
Registering precompiled user dll's ...
Registered in 0.002744 seconds.
Begin MonoManager ReloadAssembly
Native extension for WindowsStandalone target not found
Native extension for WebGL target not found
Refreshing native plugins compatible for Editor in 0.34 ms, found 2 plugins.
Preloading 0 native plugins for Editor in 0.00 ms.
Mono: successfully reloaded assembly
- Completed reload, in  1.108 seconds
Platform modules already initialized, skipping
Refreshing native plugins compatible for Editor in 0.32 ms, found 2 plugins.
Preloading 0 native plugins for Editor in 0.00 ms.
Unloading 1549 Unused Serialized files (Serialized files now loaded: 0)
System memory in use before: 100.5 MB.
System memory in use after: 100.4 MB.

Unloading 17 unused Assets to reduce memory usage. Loaded Objects now: 2101.
Total: 2.138200 ms (FindLiveObjects: 0.144700 ms CreateObjectMapping: 0.040500 ms MarkObjects: 1.771400 ms  DeleteObjects: 0.180800 ms)

========================================================================
Received Prepare
Registering precompiled user dll's ...
Registered in 0.002639 seconds.
Begin MonoManager ReloadAssembly
Native extension for WindowsStandalone target not found
Native extension for WebGL target not found
Refreshing native plugins compatible for Editor in 0.32 ms, found 2 plugins.
Preloading 0 native plugins for Editor in 0.00 ms.
Mono: successfully reloaded assembly
- Completed reload, in  1.132 seconds
Platform modules already initialized, skipping
Refreshing native plugins compatible for Editor in 0.33 ms, found 2 plugins.
Preloading 0 native plugins for Editor in 0.00 ms.
Unloading 1549 Unused Serialized files (Serialized files now loaded: 0)
System memory in use before: 100.5 MB.
System memory in use after: 100.4 MB.

Unloading 17 unused Assets to reduce memory usage. Loaded Objects now: 2103.
Total: 2.096000 ms (FindLiveObjects: 0.144700 ms CreateObjectMapping: 0.041700 ms MarkObjects: 1.735300 ms  DeleteObjects: 0.173600 ms)

========================================================================
Received Prepare
Registering precompiled user dll's ...
Registered in 0.002611 seconds.
Begin MonoManager ReloadAssembly
Native extension for WindowsStandalone target not found
Native extension for WebGL target not found
Refreshing native plugins compatible for Editor in 0.32 ms, found 2 plugins.
Preloading 0 native plugins for Editor in 0.00 ms.
Mono: successfully reloaded assembly
- Completed reload, in  1.093 seconds
Platform modules already initialized, skipping
Refreshing native plugins compatible for Editor in 0.32 ms, found 2 plugins.
Preloading 0 native plugins for Editor in 0.00 ms.
Unloading 1549 Unused Serialized files (Serialized files now loaded: 0)
System memory in use before: 100.5 MB.
System memory in use after: 100.4 MB.

Unloading 17 unused Assets to reduce memory usage. Loaded Objects now: 2105.
Total: 1.896800 ms (FindLiveObjects: 0.144600 ms CreateObjectMapping: 0.042900 ms MarkObjects: 1.536800 ms  DeleteObjects: 0.171700 ms)

========================================================================
Received Prepare
Registering precompiled user dll's ...
Registered in 0.003363 seconds.
Begin MonoManager ReloadAssembly
Native extension for WindowsStandalone target not found
Native extension for WebGL target not found
Refreshing native plugins compatible for Editor in 0.32 ms, found 2 plugins.
Preloading 0 native plugins for Editor in 0.00 ms.
Mono: successfully reloaded assembly
- Completed reload, in  1.110 seconds
Platform modules already initialized, skipping
Refreshing native plugins compatible for Editor in 0.32 ms, found 2 plugins.
Preloading 0 native plugins for Editor in 0.00 ms.
Unloading 1549 Unused Serialized files (Serialized files now loaded: 0)
System memory in use before: 100.5 MB.
System memory in use after: 100.4 MB.

Unloading 17 unused Assets to reduce memory usage. Loaded Objects now: 2107.
Total: 2.196200 ms (FindLiveObjects: 0.208300 ms CreateObjectMapping: 0.048700 ms MarkObjects: 1.742500 ms  DeleteObjects: 0.195600 ms)

========================================================================
Received Prepare
Registering precompiled user dll's ...
Registered in 0.002593 seconds.
Begin MonoManager ReloadAssembly
Native extension for WindowsStandalone target not found
Native extension for WebGL target not found
Refreshing native plugins compatible for Editor in 0.32 ms, found 2 plugins.
Preloading 0 native plugins for Editor in 0.00 ms.
Mono: successfully reloaded assembly
- Completed reload, in  1.105 seconds
Platform modules already initialized, skipping
Refreshing native plugins compatible for Editor in 0.33 ms, found 2 plugins.
Preloading 0 native plugins for Editor in 0.00 ms.
Unloading 1549 Unused Serialized files (Serialized files now loaded: 0)
System memory in use before: 100.5 MB.
System memory in use after: 100.4 MB.

Unloading 17 unused Assets to reduce memory usage. Loaded Objects now: 2109.
Total: 2.024900 ms (FindLiveObjects: 0.153400 ms CreateObjectMapping: 0.043400 ms MarkObjects: 1.651100 ms  DeleteObjects: 0.176300 ms)

========================================================================
Received Prepare
Registering precompiled user dll's ...
Registered in 0.003535 seconds.
Begin MonoManager ReloadAssembly
Native extension for WindowsStandalone target not found
Native extension for WebGL target not found
Refreshing native plugins compatible for Editor in 0.32 ms, found 2 plugins.
Preloading 0 native plugins for Editor in 0.00 ms.
Mono: successfully reloaded assembly
- Completed reload, in  1.118 seconds
Platform modules already initialized, skipping
Refreshing native plugins compatible for Editor in 0.33 ms, found 2 plugins.
Preloading 0 native plugins for Editor in 0.00 ms.
Unloading 1549 Unused Serialized files (Serialized files now loaded: 0)
System memory in use before: 100.5 MB.
System memory in use after: 100.4 MB.

Unloading 17 unused Assets to reduce memory usage. Loaded Objects now: 2111.
Total: 2.112900 ms (FindLiveObjects: 0.193100 ms CreateObjectMapping: 0.053500 ms MarkObjects: 1.577100 ms  DeleteObjects: 0.288500 ms)

========================================================================
Received Prepare
Registering precompiled user dll's ...
Registered in 0.002653 seconds.
Begin MonoManager ReloadAssembly
Native extension for WindowsStandalone target not found
Native extension for WebGL target not found
Refreshing native plugins compatible for Editor in 0.32 ms, found 2 plugins.
Preloading 0 native plugins for Editor in 0.00 ms.
Mono: successfully reloaded assembly
- Completed reload, in  1.113 seconds
Platform modules already initialized, skipping
Refreshing native plugins compatible for Editor in 0.32 ms, found 2 plugins.
Preloading 0 native plugins for Editor in 0.00 ms.
Unloading 1549 Unused Serialized files (Serialized files now loaded: 0)
System memory in use before: 100.5 MB.
System memory in use after: 100.4 MB.

Unloading 17 unused Assets to reduce memory usage. Loaded Objects now: 2113.
Total: 1.960100 ms (FindLiveObjects: 0.151200 ms CreateObjectMapping: 0.038300 ms MarkObjects: 1.583400 ms  DeleteObjects: 0.186400 ms)

========================================================================
Received Prepare
Registering precompiled user dll's ...
Registered in 0.002739 seconds.
Begin MonoManager ReloadAssembly
Native extension for WindowsStandalone target not found
Native extension for WebGL target not found
Refreshing native plugins compatible for Editor in 0.34 ms, found 2 plugins.
Preloading 0 native plugins for Editor in 0.00 ms.
Mono: successfully reloaded assembly
- Completed reload, in  1.118 seconds
Platform modules already initialized, skipping
Refreshing native plugins compatible for Editor in 0.34 ms, found 2 plugins.
Preloading 0 native plugins for Editor in 0.00 ms.
Unloading 1549 Unused Serialized files (Serialized files now loaded: 0)
System memory in use before: 100.5 MB.
System memory in use after: 100.4 MB.

Unloading 17 unused Assets to reduce memory usage. Loaded Objects now: 2115.
Total: 1.978200 ms (FindLiveObjects: 0.129300 ms CreateObjectMapping: 0.039500 ms MarkObjects: 1.620800 ms  DeleteObjects: 0.188100 ms)

========================================================================
Received Prepare
Registering precompiled user dll's ...
Registered in 0.002916 seconds.
Begin MonoManager ReloadAssembly
Native extension for WindowsStandalone target not found
Native extension for WebGL target not found
Refreshing native plugins compatible for Editor in 0.32 ms, found 2 plugins.
Preloading 0 native plugins for Editor in 0.00 ms.
Mono: successfully reloaded assembly
- Completed reload, in  1.153 seconds
Platform modules already initialized, skipping
Refreshing native plugins compatible for Editor in 0.38 ms, found 2 plugins.
Preloading 0 native plugins for Editor in 0.00 ms.
Unloading 1549 Unused Serialized files (Serialized files now loaded: 0)
System memory in use before: 100.5 MB.
System memory in use after: 100.4 MB.

Unloading 17 unused Assets to reduce memory usage. Loaded Objects now: 2117.
Total: 2.056900 ms (FindLiveObjects: 0.176600 ms CreateObjectMapping: 0.049100 ms MarkObjects: 1.648700 ms  DeleteObjects: 0.181500 ms)

========================================================================
Received Prepare
Registering precompiled user dll's ...
Registered in 0.002691 seconds.
Begin MonoManager ReloadAssembly
Native extension for WindowsStandalone target not found
Native extension for WebGL target not found
Refreshing native plugins compatible for Editor in 0.32 ms, found 2 plugins.
Preloading 0 native plugins for Editor in 0.00 ms.
Mono: successfully reloaded assembly
- Completed reload, in  1.108 seconds
Platform modules already initialized, skipping
Refreshing native plugins compatible for Editor in 0.51 ms, found 2 plugins.
Preloading 0 native plugins for Editor in 0.00 ms.
Unloading 1549 Unused Serialized files (Serialized files now loaded: 0)
System memory in use before: 100.5 MB.
System memory in use after: 100.4 MB.

Unloading 17 unused Assets to reduce memory usage. Loaded Objects now: 2119.
Total: 1.878000 ms (FindLiveObjects: 0.175600 ms CreateObjectMapping: 0.053800 ms MarkObjects: 1.451400 ms  DeleteObjects: 0.196100 ms)

========================================================================
Received Prepare
Registering precompiled user dll's ...
Registered in 0.002613 seconds.
Begin MonoManager ReloadAssembly
Native extension for WindowsStandalone target not found
Native extension for WebGL target not found
Refreshing native plugins compatible for Editor in 0.33 ms, found 2 plugins.
Preloading 0 native plugins for Editor in 0.00 ms.
Mono: successfully reloaded assembly
- Completed reload, in  1.121 seconds
Platform modules already initialized, skipping
Refreshing native plugins compatible for Editor in 0.33 ms, found 2 plugins.
Preloading 0 native plugins for Editor in 0.00 ms.
Unloading 1549 Unused Serialized files (Serialized files now loaded: 0)
System memory in use before: 100.6 MB.
System memory in use after: 100.4 MB.

Unloading 17 unused Assets to reduce memory usage. Loaded Objects now: 2121.
Total: 2.145500 ms (FindLiveObjects: 0.151200 ms CreateObjectMapping: 0.038800 ms MarkObjects: 1.771100 ms  DeleteObjects: 0.183800 ms)

========================================================================
Received Prepare
Registering precompiled user dll's ...
Registered in 0.002671 seconds.
Begin MonoManager ReloadAssembly
Native extension for WindowsStandalone target not found
Native extension for WebGL target not found
Refreshing native plugins compatible for Editor in 0.31 ms, found 2 plugins.
Preloading 0 native plugins for Editor in 0.00 ms.
Mono: successfully reloaded assembly
- Completed reload, in  1.115 seconds
Platform modules already initialized, skipping
Refreshing native plugins compatible for Editor in 0.33 ms, found 2 plugins.
Preloading 0 native plugins for Editor in 0.00 ms.
Unloading 1549 Unused Serialized files (Serialized files now loaded: 0)
System memory in use before: 100.6 MB.
System memory in use after: 100.5 MB.

Unloading 17 unused Assets to reduce memory usage. Loaded Objects now: 2123.
Total: 2.135300 ms (FindLiveObjects: 0.153000 ms CreateObjectMapping: 0.039100 ms MarkObjects: 1.754000 ms  DeleteObjects: 0.188400 ms)

========================================================================
Received Prepare
Registering precompiled user dll's ...
Registered in 0.002753 seconds.
Begin MonoManager ReloadAssembly
Native extension for WindowsStandalone target not found
Native extension for WebGL target not found
Refreshing native plugins compatible for Editor in 0.34 ms, found 2 plugins.
Preloading 0 native plugins for Editor in 0.00 ms.
Mono: successfully reloaded assembly
- Completed reload, in  1.101 seconds
Platform modules already initialized, skipping
Refreshing native plugins compatible for Editor in 0.38 ms, found 2 plugins.
Preloading 0 native plugins for Editor in 0.00 ms.
Unloading 1549 Unused Serialized files (Serialized files now loaded: 0)
System memory in use before: 100.6 MB.
System memory in use after: 100.5 MB.

Unloading 17 unused Assets to reduce memory usage. Loaded Objects now: 2125.
Total: 2.401500 ms (FindLiveObjects: 0.160200 ms CreateObjectMapping: 0.040700 ms MarkObjects: 2.011900 ms  DeleteObjects: 0.187700 ms)

========================================================================
Received Import Request.
  Time since last request: 3363.593443 seconds.
  path: Assets/0_Game/Scripts/CollisionHandler.cs
  artifactKey: Guid(e5807d3e51499994ba4c01203b2d5b42) Importer(815301076,1909f56bfc062723c751e8b465ee728b)
Start importing Assets/0_Game/Scripts/CollisionHandler.cs using Guid(e5807d3e51499994ba4c01203b2d5b42) Importer(815301076,1909f56bfc062723c751e8b465ee728b)  -> (artifact id: '642ad477c3eb2b10eebe88d1bbc49c05') in 0.008183 seconds
  Import took 0.011432 seconds .

========================================================================
Received Prepare
Registering precompiled user dll's ...
Registered in 0.002595 seconds.
Begin MonoManager ReloadAssembly
Native extension for WindowsStandalone target not found
Native extension for WebGL target not found
Refreshing native plugins compatible for Editor in 0.32 ms, found 2 plugins.
Preloading 0 native plugins for Editor in 0.00 ms.
Mono: successfully reloaded assembly
- Completed reload, in  1.105 seconds
Platform modules already initialized, skipping
Refreshing native plugins compatible for Editor in 0.32 ms, found 2 plugins.
Preloading 0 native plugins for Editor in 0.00 ms.
Unloading 1550 Unused Serialized files (Serialized files now loaded: 0)
System memory in use before: 100.6 MB.
System memory in use after: 100.5 MB.

Unloading 17 unused Assets to reduce memory usage. Loaded Objects now: 2128.
Total: 2.111400 ms (FindLiveObjects: 0.151900 ms CreateObjectMapping: 0.043600 ms MarkObjects: 1.731700 ms  DeleteObjects: 0.183700 ms)

========================================================================
Received Import Request.
  Time since last request: 433.898094 seconds.
  path: Assets/0_Game/Scripts/CollisionHandler.cs
  artifactKey: Guid(e5807d3e51499994ba4c01203b2d5b42) Importer(815301076,1909f56bfc062723c751e8b465ee728b)
Start importing Assets/0_Game/Scripts/CollisionHandler.cs using Guid(e5807d3e51499994ba4c01203b2d5b42) Importer(815301076,1909f56bfc062723c751e8b465ee728b)  -> (artifact id: 'a77e0cd6cd2a6584db494563ffed66c3') in 0.003569 seconds
  Import took 0.006253 seconds .

========================================================================
Received Import Request.
  Time since last request: 2.432052 seconds.
  path: ProjectSettings/TagManager.asset
  artifactKey: Guid(00000000000000003000000000000000) Importer(815301076,1909f56bfc062723c751e8b465ee728b)
Start importing ProjectSettings/TagManager.asset using Guid(00000000000000003000000000000000) Importer(815301076,1909f56bfc062723c751e8b465ee728b)  -> (artifact id: '62b5a9fb0cf9492b9196ce84d5ac9cde') in 0.129891 seconds
  Import took 0.133135 seconds .

========================================================================
Received Import Request.
  Time since last request: 5.011184 seconds.
  path: ProjectSettings/TagManager.asset
  artifactKey: Guid(00000000000000003000000000000000) Importer(815301076,1909f56bfc062723c751e8b465ee728b)
Start importing ProjectSettings/TagManager.asset using Guid(00000000000000003000000000000000) Importer(815301076,1909f56bfc062723c751e8b465ee728b)  -> (artifact id: '3b342d4bb29362cc408806ffa80a9d19') in 0.001655 seconds
  Import took 0.003946 seconds .

========================================================================
Received Prepare
Registering precompiled user dll's ...
Registered in 0.003514 seconds.
Begin MonoManager ReloadAssembly
Native extension for WindowsStandalone target not found
Native extension for WebGL target not found
Refreshing native plugins compatible for Editor in 0.33 ms, found 2 plugins.
Preloading 0 native plugins for Editor in 0.00 ms.
Mono: successfully reloaded assembly
- Completed reload, in  1.126 seconds
Platform modules already initialized, skipping
Refreshing native plugins compatible for Editor in 0.33 ms, found 2 plugins.
Preloading 0 native plugins for Editor in 0.00 ms.
Unloading 1550 Unused Serialized files (Serialized files now loaded: 0)
System memory in use before: 100.7 MB.
System memory in use after: 100.6 MB.

Unloading 19 unused Assets to reduce memory usage. Loaded Objects now: 2130.
Total: 1.849100 ms (FindLiveObjects: 0.136700 ms CreateObjectMapping: 0.043600 ms MarkObjects: 1.485100 ms  DeleteObjects: 0.183000 ms)

========================================================================
Received Prepare
Registering precompiled user dll's ...
Registered in 0.002637 seconds.
Begin MonoManager ReloadAssembly
Native extension for WindowsStandalone target not found
Native extension for WebGL target not found
Refreshing native plugins compatible for Editor in 0.38 ms, found 2 plugins.
Preloading 0 native plugins for Editor in 0.00 ms.
Mono: successfully reloaded assembly
- Completed reload, in  1.119 seconds
Platform modules already initialized, skipping
Refreshing native plugins compatible for Editor in 0.33 ms, found 2 plugins.
Preloading 0 native plugins for Editor in 0.00 ms.
Unloading 1550 Unused Serialized files (Serialized files now loaded: 0)
System memory in use before: 100.7 MB.
System memory in use after: 100.6 MB.

Unloading 17 unused Assets to reduce memory usage. Loaded Objects now: 2132.
Total: 2.199900 ms (FindLiveObjects: 0.164400 ms CreateObjectMapping: 0.037700 ms MarkObjects: 1.808800 ms  DeleteObjects: 0.188200 ms)

========================================================================
Received Prepare
Registering precompiled user dll's ...
Registered in 0.003062 seconds.
Begin MonoManager ReloadAssembly
Native extension for WindowsStandalone target not found
Native extension for WebGL target not found
Refreshing native plugins compatible for Editor in 0.32 ms, found 2 plugins.
Preloading 0 native plugins for Editor in 0.00 ms.
Mono: successfully reloaded assembly
- Completed reload, in  1.102 seconds
Platform modules already initialized, skipping
Refreshing native plugins compatible for Editor in 0.33 ms, found 2 plugins.
Preloading 0 native plugins for Editor in 0.00 ms.
Unloading 1550 Unused Serialized files (Serialized files now loaded: 0)
System memory in use before: 100.7 MB.
System memory in use after: 100.6 MB.

Unloading 17 unused Assets to reduce memory usage. Loaded Objects now: 2134.
Total: 1.775200 ms (FindLiveObjects: 0.124300 ms CreateObjectMapping: 0.037500 ms MarkObjects: 1.440800 ms  DeleteObjects: 0.171900 ms)

========================================================================
Received Prepare
Registering precompiled user dll's ...
Registered in 0.002822 seconds.
Begin MonoManager ReloadAssembly
Native extension for WindowsStandalone target not found
Native extension for WebGL target not found
Refreshing native plugins compatible for Editor in 0.32 ms, found 2 plugins.
Preloading 0 native plugins for Editor in 0.00 ms.
Mono: successfully reloaded assembly
- Completed reload, in  1.125 seconds
Platform modules already initialized, skipping
Refreshing native plugins compatible for Editor in 0.35 ms, found 2 plugins.
Preloading 0 native plugins for Editor in 0.00 ms.
Unloading 1550 Unused Serialized files (Serialized files now loaded: 0)
System memory in use before: 100.7 MB.
System memory in use after: 100.6 MB.

Unloading 17 unused Assets to reduce memory usage. Loaded Objects now: 2136.
Total: 2.050400 ms (FindLiveObjects: 0.154000 ms CreateObjectMapping: 0.039200 ms MarkObjects: 1.676300 ms  DeleteObjects: 0.180000 ms)

========================================================================
Received Import Request.
  Time since last request: 139.680977 seconds.
  path: Assets/0_Game/Scripts/CollisionHandler.cs
  artifactKey: Guid(e5807d3e51499994ba4c01203b2d5b42) Importer(815301076,1909f56bfc062723c751e8b465ee728b)
Start importing Assets/0_Game/Scripts/CollisionHandler.cs using Guid(e5807d3e51499994ba4c01203b2d5b42) Importer(815301076,1909f56bfc062723c751e8b465ee728b)  -> (artifact id: 'b11afbd8944dc1cc3d7d858e11cbf006') in 0.003573 seconds
  Import took 0.006148 seconds .

========================================================================
Received Prepare
Registering precompiled user dll's ...
Registered in 0.002600 seconds.
Begin MonoManager ReloadAssembly
Native extension for WindowsStandalone target not found
Native extension for WebGL target not found
Refreshing native plugins compatible for Editor in 0.33 ms, found 2 plugins.
Preloading 0 native plugins for Editor in 0.00 ms.
Mono: successfully reloaded assembly
- Completed reload, in  1.131 seconds
Platform modules already initialized, skipping
Refreshing native plugins compatible for Editor in 0.33 ms, found 2 plugins.
Preloading 0 native plugins for Editor in 0.00 ms.
Unloading 1550 Unused Serialized files (Serialized files now loaded: 0)
System memory in use before: 100.7 MB.
System memory in use after: 100.6 MB.

Unloading 17 unused Assets to reduce memory usage. Loaded Objects now: 2138.
Total: 1.946600 ms (FindLiveObjects: 0.147100 ms CreateObjectMapping: 0.038800 ms MarkObjects: 1.587300 ms  DeleteObjects: 0.172800 ms)

========================================================================
Received Prepare
Registering precompiled user dll's ...
Registered in 0.002683 seconds.
Begin MonoManager ReloadAssembly
Native extension for WindowsStandalone target not found
Native extension for WebGL target not found
Refreshing native plugins compatible for Editor in 0.33 ms, found 2 plugins.
Preloading 0 native plugins for Editor in 0.00 ms.
Mono: successfully reloaded assembly
- Completed reload, in  1.129 seconds
Platform modules already initialized, skipping
Refreshing native plugins compatible for Editor in 0.44 ms, found 2 plugins.
Preloading 0 native plugins for Editor in 0.00 ms.
Unloading 1550 Unused Serialized files (Serialized files now loaded: 0)
System memory in use before: 100.7 MB.
System memory in use after: 100.6 MB.

Unloading 17 unused Assets to reduce memory usage. Loaded Objects now: 2140.
Total: 1.817100 ms (FindLiveObjects: 0.142100 ms CreateObjectMapping: 0.044100 ms MarkObjects: 1.457900 ms  DeleteObjects: 0.172300 ms)

========================================================================
Received Prepare
Registering precompiled user dll's ...
Registered in 0.002713 seconds.
Begin MonoManager ReloadAssembly
Native extension for WindowsStandalone target not found
Native extension for WebGL target not found
Refreshing native plugins compatible for Editor in 0.33 ms, found 2 plugins.
Preloading 0 native plugins for Editor in 0.00 ms.
Mono: successfully reloaded assembly
- Completed reload, in  1.117 seconds
Platform modules already initialized, skipping
Refreshing native plugins compatible for Editor in 0.36 ms, found 2 plugins.
Preloading 0 native plugins for Editor in 0.00 ms.
Unloading 1550 Unused Serialized files (Serialized files now loaded: 0)
System memory in use before: 100.7 MB.
System memory in use after: 100.6 MB.

Unloading 17 unused Assets to reduce memory usage. Loaded Objects now: 2142.
Total: 1.941700 ms (FindLiveObjects: 0.150600 ms CreateObjectMapping: 0.038600 ms MarkObjects: 1.572400 ms  DeleteObjects: 0.179300 ms)

========================================================================
Received Prepare
Registering precompiled user dll's ...
Registered in 0.002712 seconds.
Begin MonoManager ReloadAssembly
Native extension for WindowsStandalone target not found
Native extension for WebGL target not found
Refreshing native plugins compatible for Editor in 0.32 ms, found 2 plugins.
Preloading 0 native plugins for Editor in 0.00 ms.
Mono: successfully reloaded assembly
- Completed reload, in  1.114 seconds
Platform modules already initialized, skipping
Refreshing native plugins compatible for Editor in 0.32 ms, found 2 plugins.
Preloading 0 native plugins for Editor in 0.00 ms.
Unloading 1550 Unused Serialized files (Serialized files now loaded: 0)
System memory in use before: 100.7 MB.
System memory in use after: 100.6 MB.

Unloading 17 unused Assets to reduce memory usage. Loaded Objects now: 2144.
Total: 2.172400 ms (FindLiveObjects: 0.160200 ms CreateObjectMapping: 0.040900 ms MarkObjects: 1.785000 ms  DeleteObjects: 0.185500 ms)

========================================================================
Received Prepare
Registering precompiled user dll's ...
Registered in 0.002658 seconds.
Begin MonoManager ReloadAssembly
Native extension for WindowsStandalone target not found
Native extension for WebGL target not found
Refreshing native plugins compatible for Editor in 0.32 ms, found 2 plugins.
Preloading 0 native plugins for Editor in 0.00 ms.
Mono: successfully reloaded assembly
- Completed reload, in  1.122 seconds
Platform modules already initialized, skipping
Refreshing native plugins compatible for Editor in 0.33 ms, found 2 plugins.
Preloading 0 native plugins for Editor in 0.00 ms.
Unloading 1550 Unused Serialized files (Serialized files now loaded: 0)
System memory in use before: 100.7 MB.
System memory in use after: 100.6 MB.

Unloading 17 unused Assets to reduce memory usage. Loaded Objects now: 2146.
Total: 2.038300 ms (FindLiveObjects: 0.156700 ms CreateObjectMapping: 0.038500 ms MarkObjects: 1.660800 ms  DeleteObjects: 0.181400 ms)

========================================================================
Received Prepare
Registering precompiled user dll's ...
Registered in 0.002633 seconds.
Begin MonoManager ReloadAssembly
Native extension for WindowsStandalone target not found
Native extension for WebGL target not found
Refreshing native plugins compatible for Editor in 0.32 ms, found 2 plugins.
Preloading 0 native plugins for Editor in 0.00 ms.
Mono: successfully reloaded assembly
- Completed reload, in  1.121 seconds
Platform modules already initialized, skipping
Refreshing native plugins compatible for Editor in 0.33 ms, found 2 plugins.
Preloading 0 native plugins for Editor in 0.00 ms.
Unloading 1550 Unused Serialized files (Serialized files now loaded: 0)
System memory in use before: 100.7 MB.
System memory in use after: 100.6 MB.

Unloading 17 unused Assets to reduce memory usage. Loaded Objects now: 2148.
Total: 1.827900 ms (FindLiveObjects: 0.132300 ms CreateObjectMapping: 0.037200 ms MarkObjects: 1.482100 ms  DeleteObjects: 0.175500 ms)

========================================================================
Received Prepare
Registering precompiled user dll's ...
Registered in 0.002621 seconds.
Begin MonoManager ReloadAssembly
Native extension for WindowsStandalone target not found
Native extension for WebGL target not found
Refreshing native plugins compatible for Editor in 0.32 ms, found 2 plugins.
Preloading 0 native plugins for Editor in 0.00 ms.
Mono: successfully reloaded assembly
- Completed reload, in  1.117 seconds
Platform modules already initialized, skipping
Refreshing native plugins compatible for Editor in 0.32 ms, found 2 plugins.
Preloading 0 native plugins for Editor in 0.00 ms.
Unloading 1550 Unused Serialized files (Serialized files now loaded: 0)
System memory in use before: 100.7 MB.
System memory in use after: 100.6 MB.

Unloading 17 unused Assets to reduce memory usage. Loaded Objects now: 2150.
Total: 1.943900 ms (FindLiveObjects: 0.129400 ms CreateObjectMapping: 0.039400 ms MarkObjects: 1.595700 ms  DeleteObjects: 0.178500 ms)

========================================================================
Received Prepare
Registering precompiled user dll's ...
Registered in 0.002828 seconds.
Begin MonoManager ReloadAssembly
Native extension for WindowsStandalone target not found
Native extension for WebGL target not found
Refreshing native plugins compatible for Editor in 0.32 ms, found 2 plugins.
Preloading 0 native plugins for Editor in 0.00 ms.
Mono: successfully reloaded assembly
- Completed reload, in  1.116 seconds
Platform modules already initialized, skipping
Refreshing native plugins compatible for Editor in 0.42 ms, found 2 plugins.
Preloading 0 native plugins for Editor in 0.00 ms.
Unloading 1550 Unused Serialized files (Serialized files now loaded: 0)
System memory in use before: 100.7 MB.
System memory in use after: 100.6 MB.

Unloading 17 unused Assets to reduce memory usage. Loaded Objects now: 2152.
Total: 2.109800 ms (FindLiveObjects: 0.151400 ms CreateObjectMapping: 0.042400 ms MarkObjects: 1.734600 ms  DeleteObjects: 0.180800 ms)

========================================================================
Received Prepare
Registering precompiled user dll's ...
Registered in 0.002778 seconds.
Begin MonoManager ReloadAssembly
Native extension for WindowsStandalone target not found
Native extension for WebGL target not found
Refreshing native plugins compatible for Editor in 0.32 ms, found 2 plugins.
Preloading 0 native plugins for Editor in 0.00 ms.
Mono: successfully reloaded assembly
- Completed reload, in  1.107 seconds
Platform modules already initialized, skipping
Refreshing native plugins compatible for Editor in 0.32 ms, found 2 plugins.
Preloading 0 native plugins for Editor in 0.00 ms.
Unloading 1550 Unused Serialized files (Serialized files now loaded: 0)
System memory in use before: 100.7 MB.
System memory in use after: 100.6 MB.

Unloading 17 unused Assets to reduce memory usage. Loaded Objects now: 2154.
Total: 2.117500 ms (FindLiveObjects: 0.151400 ms CreateObjectMapping: 0.039200 ms MarkObjects: 1.746200 ms  DeleteObjects: 0.179900 ms)

========================================================================
Received Prepare
Registering precompiled user dll's ...
Registered in 0.002613 seconds.
Begin MonoManager ReloadAssembly
Native extension for WindowsStandalone target not found
Native extension for WebGL target not found
Refreshing native plugins compatible for Editor in 0.32 ms, found 2 plugins.
Preloading 0 native plugins for Editor in 0.00 ms.
Mono: successfully reloaded assembly
- Completed reload, in  1.101 seconds
Platform modules already initialized, skipping
Refreshing native plugins compatible for Editor in 0.32 ms, found 2 plugins.
Preloading 0 native plugins for Editor in 0.00 ms.
Unloading 1550 Unused Serialized files (Serialized files now loaded: 0)
System memory in use before: 100.7 MB.
System memory in use after: 100.6 MB.

Unloading 17 unused Assets to reduce memory usage. Loaded Objects now: 2156.
Total: 1.798400 ms (FindLiveObjects: 0.133000 ms CreateObjectMapping: 0.038400 ms MarkObjects: 1.448300 ms  DeleteObjects: 0.177800 ms)

========================================================================
Received Prepare
Registering precompiled user dll's ...
Registered in 0.002723 seconds.
Begin MonoManager ReloadAssembly
Native extension for WindowsStandalone target not found
Native extension for WebGL target not found
Refreshing native plugins compatible for Editor in 0.32 ms, found 2 plugins.
Preloading 0 native plugins for Editor in 0.00 ms.
Mono: successfully reloaded assembly
- Completed reload, in  1.146 seconds
Platform modules already initialized, skipping
Refreshing native plugins compatible for Editor in 0.32 ms, found 2 plugins.
Preloading 0 native plugins for Editor in 0.00 ms.
Unloading 1550 Unused Serialized files (Serialized files now loaded: 0)
System memory in use before: 100.7 MB.
System memory in use after: 100.6 MB.

Unloading 17 unused Assets to reduce memory usage. Loaded Objects now: 2158.
Total: 1.949600 ms (FindLiveObjects: 0.130900 ms CreateObjectMapping: 0.037600 ms MarkObjects: 1.598700 ms  DeleteObjects: 0.181700 ms)

========================================================================
Received Prepare
Registering precompiled user dll's ...
Registered in 0.002652 seconds.
Begin MonoManager ReloadAssembly
Native extension for WindowsStandalone target not found
Native extension for WebGL target not found
Refreshing native plugins compatible for Editor in 0.34 ms, found 2 plugins.
Preloading 0 native plugins for Editor in 0.00 ms.
Mono: successfully reloaded assembly
- Completed reload, in  1.108 seconds
Platform modules already initialized, skipping
Refreshing native plugins compatible for Editor in 0.34 ms, found 2 plugins.
Preloading 0 native plugins for Editor in 0.00 ms.
Unloading 1550 Unused Serialized files (Serialized files now loaded: 0)
System memory in use before: 100.7 MB.
System memory in use after: 100.6 MB.

Unloading 17 unused Assets to reduce memory usage. Loaded Objects now: 2160.
Total: 2.008900 ms (FindLiveObjects: 0.161300 ms CreateObjectMapping: 0.049300 ms MarkObjects: 1.609800 ms  DeleteObjects: 0.187800 ms)

========================================================================
Received Prepare
Registering precompiled user dll's ...
Registered in 0.002607 seconds.
Begin MonoManager ReloadAssembly
Native extension for WindowsStandalone target not found
Native extension for WebGL target not found
Refreshing native plugins compatible for Editor in 0.32 ms, found 2 plugins.
Preloading 0 native plugins for Editor in 0.00 ms.
Mono: successfully reloaded assembly
- Completed reload, in  1.114 seconds
Platform modules already initialized, skipping
Refreshing native plugins compatible for Editor in 0.32 ms, found 2 plugins.
Preloading 0 native plugins for Editor in 0.00 ms.
Unloading 1550 Unused Serialized files (Serialized files now loaded: 0)
System memory in use before: 100.7 MB.
System memory in use after: 100.6 MB.

Unloading 17 unused Assets to reduce memory usage. Loaded Objects now: 2162.
Total: 2.153700 ms (FindLiveObjects: 0.155900 ms CreateObjectMapping: 0.038600 ms MarkObjects: 1.770600 ms  DeleteObjects: 0.187700 ms)

========================================================================
Received Import Request.
  Time since last request: 1304.993770 seconds.
  path: Assets/0_Game/Prefabs/Laser.prefab
  artifactKey: Guid(9f8a5881580e1544584ca7841c30e959) Importer(815301076,1909f56bfc062723c751e8b465ee728b)
Start importing Assets/0_Game/Prefabs/Laser.prefab using Guid(9f8a5881580e1544584ca7841c30e959) Importer(815301076,1909f56bfc062723c751e8b465ee728b)  -> (artifact id: '326eaca3cd6738670ca9983fcc3e311e') in 0.131954 seconds
  Import took 0.134897 seconds .

========================================================================
Received Prepare
Registering precompiled user dll's ...
Registered in 0.002761 seconds.
Begin MonoManager ReloadAssembly
Native extension for WindowsStandalone target not found
Native extension for WebGL target not found
Refreshing native plugins compatible for Editor in 0.32 ms, found 2 plugins.
Preloading 0 native plugins for Editor in 0.00 ms.
Mono: successfully reloaded assembly
- Completed reload, in  1.155 seconds
Platform modules already initialized, skipping
Refreshing native plugins compatible for Editor in 0.37 ms, found 2 plugins.
Preloading 0 native plugins for Editor in 0.00 ms.
Unloading 1550 Unused Serialized files (Serialized files now loaded: 0)
System memory in use before: 100.8 MB.
System memory in use after: 100.6 MB.

Unloading 17 unused Assets to reduce memory usage. Loaded Objects now: 2164.
Total: 1.956900 ms (FindLiveObjects: 0.154000 ms CreateObjectMapping: 0.038400 ms MarkObjects: 1.583000 ms  DeleteObjects: 0.180500 ms)

========================================================================
Received Prepare
Registering precompiled user dll's ...
Registered in 0.002728 seconds.
Begin MonoManager ReloadAssembly
Native extension for WindowsStandalone target not found
Native extension for WebGL target not found
Refreshing native plugins compatible for Editor in 0.32 ms, found 2 plugins.
Preloading 0 native plugins for Editor in 0.00 ms.
Mono: successfully reloaded assembly
- Completed reload, in  1.146 seconds
Platform modules already initialized, skipping
Refreshing native plugins compatible for Editor in 0.33 ms, found 2 plugins.
Preloading 0 native plugins for Editor in 0.00 ms.
Unloading 1550 Unused Serialized files (Serialized files now loaded: 0)
System memory in use before: 100.8 MB.
System memory in use after: 100.6 MB.

Unloading 17 unused Assets to reduce memory usage. Loaded Objects now: 2166.
Total: 2.063300 ms (FindLiveObjects: 0.142700 ms CreateObjectMapping: 0.043200 ms MarkObjects: 1.685500 ms  DeleteObjects: 0.191100 ms)

========================================================================
Received Prepare
Registering precompiled user dll's ...
Registered in 0.002765 seconds.
Begin MonoManager ReloadAssembly
Native extension for WindowsStandalone target not found
Native extension for WebGL target not found
Refreshing native plugins compatible for Editor in 0.33 ms, found 2 plugins.
Preloading 0 native plugins for Editor in 0.00 ms.
Mono: successfully reloaded assembly
- Completed reload, in  1.122 seconds
Platform modules already initialized, skipping
Refreshing native plugins compatible for Editor in 0.32 ms, found 2 plugins.
Preloading 0 native plugins for Editor in 0.00 ms.
Unloading 1550 Unused Serialized files (Serialized files now loaded: 0)
System memory in use before: 100.8 MB.
System memory in use after: 100.6 MB.

Unloading 17 unused Assets to reduce memory usage. Loaded Objects now: 2168.
Total: 2.199800 ms (FindLiveObjects: 0.175600 ms CreateObjectMapping: 0.037400 ms MarkObjects: 1.759100 ms  DeleteObjects: 0.226600 ms)

========================================================================
Received Import Request.
  Time since last request: 224.962791 seconds.
  path: Assets/0_Game/Scripts/Enemy.cs
  artifactKey: Guid(de91c8563de789340aa21ee68fccdd84) Importer(815301076,1909f56bfc062723c751e8b465ee728b)
Start importing Assets/0_Game/Scripts/Enemy.cs using Guid(de91c8563de789340aa21ee68fccdd84) Importer(815301076,1909f56bfc062723c751e8b465ee728b)  -> (artifact id: '9ece6f06e919ef4e604b27195e1d6266') in 0.004129 seconds
  Import took 0.007414 seconds .

========================================================================
Received Prepare
Registering precompiled user dll's ...
Registered in 0.002603 seconds.
Begin MonoManager ReloadAssembly
Native extension for WindowsStandalone target not found
Native extension for WebGL target not found
Refreshing native plugins compatible for Editor in 0.33 ms, found 2 plugins.
Preloading 0 native plugins for Editor in 0.00 ms.
Mono: successfully reloaded assembly
- Completed reload, in  1.152 seconds
Platform modules already initialized, skipping
Refreshing native plugins compatible for Editor in 0.33 ms, found 2 plugins.
Preloading 0 native plugins for Editor in 0.00 ms.
Unloading 1551 Unused Serialized files (Serialized files now loaded: 0)
System memory in use before: 100.8 MB.
System memory in use after: 100.7 MB.

Unloading 17 unused Assets to reduce memory usage. Loaded Objects now: 2171.
Total: 2.084600 ms (FindLiveObjects: 0.158700 ms CreateObjectMapping: 0.037500 ms MarkObjects: 1.693600 ms  DeleteObjects: 0.193700 ms)

========================================================================
Received Import Request.
  Time since last request: 8.891006 seconds.
  path: Assets/0_Game/Prefabs/Enemy2 Rig.prefab
  artifactKey: Guid(b9b31d16bd7e4c745bf32c2f8ee4a5a8) Importer(815301076,1909f56bfc062723c751e8b465ee728b)
Start importing Assets/0_Game/Prefabs/Enemy2 Rig.prefab using Guid(b9b31d16bd7e4c745bf32c2f8ee4a5a8) Importer(815301076,1909f56bfc062723c751e8b465ee728b)  -> (artifact id: '5e8a245a623b9ff2c336616703ed91bc') in 0.069516 seconds
  Import took 0.072197 seconds .

========================================================================
Received Prepare
Registering precompiled user dll's ...
Registered in 0.003176 seconds.
Begin MonoManager ReloadAssembly
Native extension for WindowsStandalone target not found
Native extension for WebGL target not found
Refreshing native plugins compatible for Editor in 0.32 ms, found 2 plugins.
Preloading 0 native plugins for Editor in 0.00 ms.
Mono: successfully reloaded assembly
- Completed reload, in  1.144 seconds
Platform modules already initialized, skipping
Refreshing native plugins compatible for Editor in 0.35 ms, found 2 plugins.
Preloading 0 native plugins for Editor in 0.00 ms.
Unloading 1551 Unused Serialized files (Serialized files now loaded: 0)
System memory in use before: 100.8 MB.
System memory in use after: 100.7 MB.

Unloading 18 unused Assets to reduce memory usage. Loaded Objects now: 2174.
Total: 2.052000 ms (FindLiveObjects: 0.158300 ms CreateObjectMapping: 0.038100 ms MarkObjects: 1.672500 ms  DeleteObjects: 0.182200 ms)

========================================================================
Received Import Request.
  Time since last request: 54.290693 seconds.
  path: Assets/0_Game/Scripts/Enemy.cs
  artifactKey: Guid(de91c8563de789340aa21ee68fccdd84) Importer(815301076,1909f56bfc062723c751e8b465ee728b)
Start importing Assets/0_Game/Scripts/Enemy.cs using Guid(de91c8563de789340aa21ee68fccdd84) Importer(815301076,1909f56bfc062723c751e8b465ee728b)  -> (artifact id: 'e458fc49a1420728536cbbefadfec9be') in 0.003023 seconds
  Import took 0.005842 seconds .

========================================================================
Received Import Request.
  Time since last request: 26.727659 seconds.
  path: Assets/0_Game/Prefabs/Enemy2 Rig.prefab
  artifactKey: Guid(b9b31d16bd7e4c745bf32c2f8ee4a5a8) Importer(815301076,1909f56bfc062723c751e8b465ee728b)
Start importing Assets/0_Game/Prefabs/Enemy2 Rig.prefab using Guid(b9b31d16bd7e4c745bf32c2f8ee4a5a8) Importer(815301076,1909f56bfc062723c751e8b465ee728b)  -> (artifact id: '86a3f1cdc7d8f38236e6fa002cbf6ba5') in 0.050363 seconds
  Import took 0.052838 seconds .

========================================================================
Received Prepare
Registering precompiled user dll's ...
Registered in 0.004073 seconds.
Begin MonoManager ReloadAssembly
Native extension for WindowsStandalone target not found
Native extension for WebGL target not found
Refreshing native plugins compatible for Editor in 0.34 ms, found 2 plugins.
Preloading 0 native plugins for Editor in 0.00 ms.
Mono: successfully reloaded assembly
- Completed reload, in  1.202 seconds
Platform modules already initialized, skipping
Refreshing native plugins compatible for Editor in 0.73 ms, found 2 plugins.
Preloading 0 native plugins for Editor in 0.00 ms.
Unloading 1551 Unused Serialized files (Serialized files now loaded: 0)
System memory in use before: 100.8 MB.
System memory in use after: 100.7 MB.

Unloading 18 unused Assets to reduce memory usage. Loaded Objects now: 2177.
Total: 2.172700 ms (FindLiveObjects: 0.168400 ms CreateObjectMapping: 0.040700 ms MarkObjects: 1.764500 ms  DeleteObjects: 0.198200 ms)

========================================================================
Received Import Request.
  Time since last request: 30.273498 seconds.
  path: Assets/0_Game/Scripts/Enemy.cs
  artifactKey: Guid(de91c8563de789340aa21ee68fccdd84) Importer(815301076,1909f56bfc062723c751e8b465ee728b)
Start importing Assets/0_Game/Scripts/Enemy.cs using Guid(de91c8563de789340aa21ee68fccdd84) Importer(815301076,1909f56bfc062723c751e8b465ee728b)  -> (artifact id: 'fadc9afe1e2522378cddaa4939fe9c7b') in 0.004232 seconds
  Import took 0.006953 seconds .

========================================================================
Received Prepare
Registering precompiled user dll's ...
Registered in 0.002687 seconds.
Begin MonoManager ReloadAssembly
Native extension for WindowsStandalone target not found
Native extension for WebGL target not found
Refreshing native plugins compatible for Editor in 0.33 ms, found 2 plugins.
Preloading 0 native plugins for Editor in 0.00 ms.
Mono: successfully reloaded assembly
- Completed reload, in  1.151 seconds
Platform modules already initialized, skipping
Refreshing native plugins compatible for Editor in 0.32 ms, found 2 plugins.
Preloading 0 native plugins for Editor in 0.00 ms.
Unloading 1551 Unused Serialized files (Serialized files now loaded: 0)
System memory in use before: 100.8 MB.
System memory in use after: 100.7 MB.

Unloading 17 unused Assets to reduce memory usage. Loaded Objects now: 2179.
Total: 1.939000 ms (FindLiveObjects: 0.167900 ms CreateObjectMapping: 0.045200 ms MarkObjects: 1.544500 ms  DeleteObjects: 0.180500 ms)

========================================================================
Received Prepare
Registering precompiled user dll's ...
Registered in 0.002673 seconds.
Begin MonoManager ReloadAssembly
Native extension for WindowsStandalone target not found
Native extension for WebGL target not found
Refreshing native plugins compatible for Editor in 0.32 ms, found 2 plugins.
Preloading 0 native plugins for Editor in 0.00 ms.
Mono: successfully reloaded assembly
- Completed reload, in  1.148 seconds
Platform modules already initialized, skipping
Refreshing native plugins compatible for Editor in 0.34 ms, found 2 plugins.
Preloading 0 native plugins for Editor in 0.00 ms.
Unloading 1551 Unused Serialized files (Serialized files now loaded: 0)
System memory in use before: 100.8 MB.
System memory in use after: 100.7 MB.

Unloading 17 unused Assets to reduce memory usage. Loaded Objects now: 2181.
Total: 2.082000 ms (FindLiveObjects: 0.172800 ms CreateObjectMapping: 0.040000 ms MarkObjects: 1.687800 ms  DeleteObjects: 0.180600 ms)

========================================================================
Received Prepare
Registering precompiled user dll's ...
Registered in 0.002882 seconds.
Begin MonoManager ReloadAssembly
Native extension for WindowsStandalone target not found
Native extension for WebGL target not found
Refreshing native plugins compatible for Editor in 0.34 ms, found 2 plugins.
Preloading 0 native plugins for Editor in 0.00 ms.
Mono: successfully reloaded assembly
- Completed reload, in  1.143 seconds
Platform modules already initialized, skipping
Refreshing native plugins compatible for Editor in 0.47 ms, found 2 plugins.
Preloading 0 native plugins for Editor in 0.00 ms.
Unloading 1551 Unused Serialized files (Serialized files now loaded: 0)
System memory in use before: 100.8 MB.
System memory in use after: 100.7 MB.

Unloading 17 unused Assets to reduce memory usage. Loaded Objects now: 2183.
Total: 2.555700 ms (FindLiveObjects: 0.300200 ms CreateObjectMapping: 0.054400 ms MarkObjects: 2.006400 ms  DeleteObjects: 0.193700 ms)

========================================================================
Received Prepare
Registering precompiled user dll's ...
Registered in 0.002717 seconds.
Begin MonoManager ReloadAssembly
Native extension for WindowsStandalone target not found
Native extension for WebGL target not found
Refreshing native plugins compatible for Editor in 0.37 ms, found 2 plugins.
Preloading 0 native plugins for Editor in 0.00 ms.
Mono: successfully reloaded assembly
- Completed reload, in  1.163 seconds
Platform modules already initialized, skipping
Refreshing native plugins compatible for Editor in 0.35 ms, found 2 plugins.
Preloading 0 native plugins for Editor in 0.00 ms.
Unloading 1551 Unused Serialized files (Serialized files now loaded: 0)
System memory in use before: 100.8 MB.
System memory in use after: 100.7 MB.

Unloading 17 unused Assets to reduce memory usage. Loaded Objects now: 2185.
Total: 2.093400 ms (FindLiveObjects: 0.169700 ms CreateObjectMapping: 0.049600 ms MarkObjects: 1.679400 ms  DeleteObjects: 0.193800 ms)

========================================================================
Received Import Request.
  Time since last request: 585.913135 seconds.
  path: Assets/0_Game/Prefabs/Laser.prefab
  artifactKey: Guid(9f8a5881580e1544584ca7841c30e959) Importer(815301076,1909f56bfc062723c751e8b465ee728b)
Start importing Assets/0_Game/Prefabs/Laser.prefab using Guid(9f8a5881580e1544584ca7841c30e959) Importer(815301076,1909f56bfc062723c751e8b465ee728b)  -> (artifact id: '8d140c8706a92810e0bca54bf41fcc2d') in 0.053944 seconds
  Import took 0.057276 seconds .

========================================================================
Received Prepare
Registering precompiled user dll's ...
Registered in 0.002601 seconds.
Begin MonoManager ReloadAssembly
Native extension for WindowsStandalone target not found
Native extension for WebGL target not found
Refreshing native plugins compatible for Editor in 0.33 ms, found 2 plugins.
Preloading 0 native plugins for Editor in 0.00 ms.
Mono: successfully reloaded assembly
- Completed reload, in  1.152 seconds
Platform modules already initialized, skipping
Refreshing native plugins compatible for Editor in 0.35 ms, found 2 plugins.
Preloading 0 native plugins for Editor in 0.00 ms.
Unloading 1551 Unused Serialized files (Serialized files now loaded: 0)
System memory in use before: 100.8 MB.
System memory in use after: 100.7 MB.

Unloading 17 unused Assets to reduce memory usage. Loaded Objects now: 2187.
Total: 1.948900 ms (FindLiveObjects: 0.194300 ms CreateObjectMapping: 0.044800 ms MarkObjects: 1.521500 ms  DeleteObjects: 0.187700 ms)

========================================================================
Received Prepare
Registering precompiled user dll's ...
Registered in 0.002626 seconds.
Begin MonoManager ReloadAssembly
Native extension for WindowsStandalone target not found
Native extension for WebGL target not found
Refreshing native plugins compatible for Editor in 0.43 ms, found 2 plugins.
Preloading 0 native plugins for Editor in 0.00 ms.
Mono: successfully reloaded assembly
- Completed reload, in  1.141 seconds
Platform modules already initialized, skipping
Refreshing native plugins compatible for Editor in 0.33 ms, found 2 plugins.
Preloading 0 native plugins for Editor in 0.00 ms.
Unloading 1551 Unused Serialized files (Serialized files now loaded: 0)
System memory in use before: 100.8 MB.
System memory in use after: 100.7 MB.

Unloading 17 unused Assets to reduce memory usage. Loaded Objects now: 2189.
Total: 1.944500 ms (FindLiveObjects: 0.164600 ms CreateObjectMapping: 0.051300 ms MarkObjects: 1.546400 ms  DeleteObjects: 0.181500 ms)

========================================================================
Received Prepare
Registering precompiled user dll's ...
Registered in 0.002908 seconds.
Begin MonoManager ReloadAssembly
Native extension for WindowsStandalone target not found
Native extension for WebGL target not found
Refreshing native plugins compatible for Editor in 0.34 ms, found 2 plugins.
Preloading 0 native plugins for Editor in 0.00 ms.
Mono: successfully reloaded assembly
- Completed reload, in  1.114 seconds
Platform modules already initialized, skipping
Refreshing native plugins compatible for Editor in 0.33 ms, found 2 plugins.
Preloading 0 native plugins for Editor in 0.00 ms.
Unloading 1551 Unused Serialized files (Serialized files now loaded: 0)
System memory in use before: 100.8 MB.
System memory in use after: 100.7 MB.

Unloading 17 unused Assets to reduce memory usage. Loaded Objects now: 2191.
Total: 2.074700 ms (FindLiveObjects: 0.170100 ms CreateObjectMapping: 0.044500 ms MarkObjects: 1.677600 ms  DeleteObjects: 0.181600 ms)

========================================================================
Received Prepare
Registering precompiled user dll's ...
Registered in 0.002852 seconds.
Begin MonoManager ReloadAssembly
Native extension for WindowsStandalone target not found
Native extension for WebGL target not found
Refreshing native plugins compatible for Editor in 0.32 ms, found 2 plugins.
Preloading 0 native plugins for Editor in 0.00 ms.
Mono: successfully reloaded assembly
- Completed reload, in  1.116 seconds
Platform modules already initialized, skipping
Refreshing native plugins compatible for Editor in 0.33 ms, found 2 plugins.
Preloading 0 native plugins for Editor in 0.00 ms.
Unloading 1551 Unused Serialized files (Serialized files now loaded: 0)
System memory in use before: 100.9 MB.
System memory in use after: 100.7 MB.

Unloading 17 unused Assets to reduce memory usage. Loaded Objects now: 2193.
Total: 2.178800 ms (FindLiveObjects: 0.175500 ms CreateObjectMapping: 0.042800 ms MarkObjects: 1.767700 ms  DeleteObjects: 0.192000 ms)

========================================================================
Received Prepare
Registering precompiled user dll's ...
Registered in 0.002789 seconds.
Begin MonoManager ReloadAssembly
Native extension for WindowsStandalone target not found
Native extension for WebGL target not found
Refreshing native plugins compatible for Editor in 0.32 ms, found 2 plugins.
Preloading 0 native plugins for Editor in 0.00 ms.
Mono: successfully reloaded assembly
- Completed reload, in  1.142 seconds
Platform modules already initialized, skipping
Refreshing native plugins compatible for Editor in 0.34 ms, found 2 plugins.
Preloading 0 native plugins for Editor in 0.00 ms.
Unloading 1551 Unused Serialized files (Serialized files now loaded: 0)
System memory in use before: 100.9 MB.
System memory in use after: 100.7 MB.

Unloading 17 unused Assets to reduce memory usage. Loaded Objects now: 2195.
Total: 2.030800 ms (FindLiveObjects: 0.163100 ms CreateObjectMapping: 0.045300 ms MarkObjects: 1.639800 ms  DeleteObjects: 0.182000 ms)

========================================================================
Received Prepare
Registering precompiled user dll's ...
Registered in 0.002955 seconds.
Begin MonoManager ReloadAssembly
Native extension for WindowsStandalone target not found
Native extension for WebGL target not found
Refreshing native plugins compatible for Editor in 0.31 ms, found 2 plugins.
Preloading 0 native plugins for Editor in 0.00 ms.
Mono: successfully reloaded assembly
- Completed reload, in  1.100 seconds
Platform modules already initialized, skipping
Refreshing native plugins compatible for Editor in 0.33 ms, found 2 plugins.
Preloading 0 native plugins for Editor in 0.00 ms.
Unloading 1551 Unused Serialized files (Serialized files now loaded: 0)
System memory in use before: 100.9 MB.
System memory in use after: 100.8 MB.

Unloading 17 unused Assets to reduce memory usage. Loaded Objects now: 2197.
Total: 1.992400 ms (FindLiveObjects: 0.153600 ms CreateObjectMapping: 0.038700 ms MarkObjects: 1.622000 ms  DeleteObjects: 0.177300 ms)

========================================================================
Received Prepare
Registering precompiled user dll's ...
Registered in 0.002758 seconds.
Begin MonoManager ReloadAssembly
Native extension for WindowsStandalone target not found
Native extension for WebGL target not found
Refreshing native plugins compatible for Editor in 0.34 ms, found 2 plugins.
Preloading 0 native plugins for Editor in 0.00 ms.
Mono: successfully reloaded assembly
- Completed reload, in  1.128 seconds
Platform modules already initialized, skipping
Refreshing native plugins compatible for Editor in 0.34 ms, found 2 plugins.
Preloading 0 native plugins for Editor in 0.00 ms.
Unloading 1551 Unused Serialized files (Serialized files now loaded: 0)
System memory in use before: 100.9 MB.
System memory in use after: 100.8 MB.

Unloading 17 unused Assets to reduce memory usage. Loaded Objects now: 2199.
Total: 2.083000 ms (FindLiveObjects: 0.171500 ms CreateObjectMapping: 0.049600 ms MarkObjects: 1.676200 ms  DeleteObjects: 0.184800 ms)

========================================================================
Received Prepare
Registering precompiled user dll's ...
Registered in 0.002659 seconds.
Begin MonoManager ReloadAssembly
Native extension for WindowsStandalone target not found
Native extension for WebGL target not found
Refreshing native plugins compatible for Editor in 0.32 ms, found 2 plugins.
Preloading 0 native plugins for Editor in 0.00 ms.
Mono: successfully reloaded assembly
- Completed reload, in  1.109 seconds
Platform modules already initialized, skipping
Refreshing native plugins compatible for Editor in 0.43 ms, found 2 plugins.
Preloading 0 native plugins for Editor in 0.00 ms.
Unloading 1551 Unused Serialized files (Serialized files now loaded: 0)
System memory in use before: 100.9 MB.
System memory in use after: 100.8 MB.

Unloading 17 unused Assets to reduce memory usage. Loaded Objects now: 2201.
Total: 2.207000 ms (FindLiveObjects: 0.184200 ms CreateObjectMapping: 0.044100 ms MarkObjects: 1.791000 ms  DeleteObjects: 0.186900 ms)

========================================================================
Received Prepare
Registering precompiled user dll's ...
Registered in 0.002714 seconds.
Begin MonoManager ReloadAssembly
Native extension for WindowsStandalone target not found
Native extension for WebGL target not found
Refreshing native plugins compatible for Editor in 0.32 ms, found 2 plugins.
Preloading 0 native plugins for Editor in 0.00 ms.
Mono: successfully reloaded assembly
- Completed reload, in  1.117 seconds
Platform modules already initialized, skipping
Refreshing native plugins compatible for Editor in 0.33 ms, found 2 plugins.
Preloading 0 native plugins for Editor in 0.00 ms.
Unloading 1551 Unused Serialized files (Serialized files now loaded: 0)
System memory in use before: 100.9 MB.
System memory in use after: 100.8 MB.

Unloading 17 unused Assets to reduce memory usage. Loaded Objects now: 2203.
Total: 2.188000 ms (FindLiveObjects: 0.161800 ms CreateObjectMapping: 0.039200 ms MarkObjects: 1.798900 ms  DeleteObjects: 0.187300 ms)

========================================================================
Received Import Request.
  Time since last request: 1767.997199 seconds.
  path: Assets/0_Game/Particles/Explosion.prefab
  artifactKey: Guid(74627c37dadee0b4fa07a223c5452ba8) Importer(815301076,1909f56bfc062723c751e8b465ee728b)
Start importing Assets/0_Game/Particles/Explosion.prefab using Guid(74627c37dadee0b4fa07a223c5452ba8) Importer(815301076,1909f56bfc062723c751e8b465ee728b)  -> (artifact id: 'd8d40e7afa45ec75765974b97d119f66') in 0.083088 seconds
  Import took 0.086063 seconds .

========================================================================
Received Import Request.
  Time since last request: 30.405996 seconds.
  path: Assets/0_Game/Prefabs/Enemy Rig.prefab
  artifactKey: Guid(ec79052097466d944a3bb98bee963be2) Importer(815301076,1909f56bfc062723c751e8b465ee728b)
Start importing Assets/0_Game/Prefabs/Enemy Rig.prefab using Guid(ec79052097466d944a3bb98bee963be2) Importer(815301076,1909f56bfc062723c751e8b465ee728b)  -> (artifact id: '0609035043f366c28d68959d83f8d210') in 0.038092 seconds
  Import took 0.040874 seconds .

========================================================================
Received Import Request.
  Time since last request: 0.002285 seconds.
  path: Assets/0_Game/Prefabs/Enemy Rig.prefab
  artifactKey: Guid(ec79052097466d944a3bb98bee963be2) Importer(815301076,1909f56bfc062723c751e8b465ee728b)
Start importing Assets/0_Game/Prefabs/Enemy Rig.prefab using Guid(ec79052097466d944a3bb98bee963be2) Importer(815301076,1909f56bfc062723c751e8b465ee728b)  -> (artifact id: '0609035043f366c28d68959d83f8d210') in 0.005782 seconds
  Import took 0.008075 seconds .

========================================================================
Received Import Request.
  Time since last request: 195.465679 seconds.
  path: Assets/Standard Assets/Vehicles/Aircraft/Audio
  artifactKey: Guid(d7e2d3dc5a522e647b5867a0495194b9) Importer(815301076,1909f56bfc062723c751e8b465ee728b)
Start importing Assets/Standard Assets/Vehicles/Aircraft/Audio using Guid(d7e2d3dc5a522e647b5867a0495194b9) Importer(815301076,1909f56bfc062723c751e8b465ee728b)  -> (artifact id: '0cc061c648520e61ef9a26bd0532d247') in 0.001598 seconds
  Import took 0.004519 seconds .

========================================================================
Received Import Request.
  Time since last request: 0.000563 seconds.
  path: Assets/Standard Assets/Vehicles/Aircraft/Audio
  artifactKey: Guid(d7e2d3dc5a522e647b5867a0495194b9) Importer(815301076,1909f56bfc062723c751e8b465ee728b)
Start importing Assets/Standard Assets/Vehicles/Aircraft/Audio using Guid(d7e2d3dc5a522e647b5867a0495194b9) Importer(815301076,1909f56bfc062723c751e8b465ee728b)  -> (artifact id: '0cc061c648520e61ef9a26bd0532d247') in 0.001244 seconds
  Import took 0.003362 seconds .

========================================================================
Received Import Request.
  Time since last request: 0.863054 seconds.
  path: Assets/Standard Assets/Vehicles/Aircraft/Materials
  artifactKey: Guid(86464d239792b1140aa540390279c502) Importer(815301076,1909f56bfc062723c751e8b465ee728b)
Start importing Assets/Standard Assets/Vehicles/Aircraft/Materials using Guid(86464d239792b1140aa540390279c502) Importer(815301076,1909f56bfc062723c751e8b465ee728b)  -> (artifact id: 'c8ad2389aac2337405d88c11e89620a3') in 0.001517 seconds
  Import took 0.004421 seconds .

========================================================================
Received Import Request.
  Time since last request: 0.000521 seconds.
  path: Assets/Standard Assets/Vehicles/Aircraft/Materials
  artifactKey: Guid(86464d239792b1140aa540390279c502) Importer(815301076,1909f56bfc062723c751e8b465ee728b)
Start importing Assets/Standard Assets/Vehicles/Aircraft/Materials using Guid(86464d239792b1140aa540390279c502) Importer(815301076,1909f56bfc062723c751e8b465ee728b)  -> (artifact id: 'c8ad2389aac2337405d88c11e89620a3') in 0.001263 seconds
  Import took 0.003509 seconds .

========================================================================
Received Import Request.
  Time since last request: 258.944590 seconds.
  path: Assets/0_Game/Particles/Particle Round Solid.png
  artifactKey: Guid(54dfaffec1805914193dea617a90e211) Importer(815301076,1909f56bfc062723c751e8b465ee728b)
Start importing Assets/0_Game/Particles/Particle Round Solid.png using Guid(54dfaffec1805914193dea617a90e211) Importer(815301076,1909f56bfc062723c751e8b465ee728b)  -> (artifact id: 'a0812dd7030ee068b2147d25ad75dec5') in 0.053146 seconds
  Import took 0.055633 seconds .

========================================================================
Received Import Request.
  Time since last request: 0.000753 seconds.
  path: Assets/0_Game/Particles/Particle Round Solid.png
  artifactKey: Guid(54dfaffec1805914193dea617a90e211) Importer(815301076,1909f56bfc062723c751e8b465ee728b)
Start importing Assets/0_Game/Particles/Particle Round Solid.png using Guid(54dfaffec1805914193dea617a90e211) Importer(815301076,1909f56bfc062723c751e8b465ee728b)  -> (artifact id: 'a0812dd7030ee068b2147d25ad75dec5') in 0.004597 seconds
  Import took 0.006822 seconds .

========================================================================
Received Import Request.
  Time since last request: 2.829234 seconds.
  path: Assets/0_Game/Particles/Explosion.prefab
  artifactKey: Guid(74627c37dadee0b4fa07a223c5452ba8) Importer(815301076,1909f56bfc062723c751e8b465ee728b)
Start importing Assets/0_Game/Particles/Explosion.prefab using Guid(74627c37dadee0b4fa07a223c5452ba8) Importer(815301076,1909f56bfc062723c751e8b465ee728b)  -> (artifact id: '11852677613bfd8ddccba5fff034bc9d') in 0.003181 seconds
  Import took 0.005504 seconds .

========================================================================
Received Import Request.
  Time since last request: 0.000559 seconds.
  path: Assets/0_Game/Particles/Explosion.prefab
  artifactKey: Guid(74627c37dadee0b4fa07a223c5452ba8) Importer(815301076,1909f56bfc062723c751e8b465ee728b)
Start importing Assets/0_Game/Particles/Explosion.prefab using Guid(74627c37dadee0b4fa07a223c5452ba8) Importer(815301076,1909f56bfc062723c751e8b465ee728b)  -> (artifact id: '11852677613bfd8ddccba5fff034bc9d') in 0.002887 seconds
  Import took 0.005036 seconds .

========================================================================
Received Import Request.
  Time since last request: 19.449660 seconds.
  path: Assets/0_Game/Particles/Particle Round Solid for explosion.mat
  artifactKey: Guid(c445a4513d6b7144091590f0bd7094a5) Importer(815301076,1909f56bfc062723c751e8b465ee728b)
Start importing Assets/0_Game/Particles/Particle Round Solid for explosion.mat using Guid(c445a4513d6b7144091590f0bd7094a5) Importer(815301076,1909f56bfc062723c751e8b465ee728b)  -> (artifact id: 'b4473c01e86df0b1f7aedebb86b23e96') in 0.021080 seconds
  Import took 0.024095 seconds .

========================================================================
Received Import Request.
  Time since last request: 0.002797 seconds.
  path: Assets/0_Game/Particles/Particle Round Solid for explosion.mat
  artifactKey: Guid(c445a4513d6b7144091590f0bd7094a5) Importer(815301076,1909f56bfc062723c751e8b465ee728b)
Start importing Assets/0_Game/Particles/Particle Round Solid for explosion.mat using Guid(c445a4513d6b7144091590f0bd7094a5) Importer(815301076,1909f56bfc062723c751e8b465ee728b)  -> (artifact id: 'b4473c01e86df0b1f7aedebb86b23e96') in 0.005396 seconds
  Import took 0.008062 seconds .

========================================================================
Received Import Request.
  Time since last request: 386.489473 seconds.
  path: Assets/0_Game/Particles/Particle Round With Glow.png
  artifactKey: Guid(26a47000b2b63ab4a8495532439e96b9) Importer(815301076,1909f56bfc062723c751e8b465ee728b)
Start importing Assets/0_Game/Particles/Particle Round With Glow.png using Guid(26a47000b2b63ab4a8495532439e96b9) Importer(815301076,1909f56bfc062723c751e8b465ee728b)  -> (artifact id: '6efeef4b1c99006d3af3f5409c205013') in 0.006323 seconds
  Import took 0.009251 seconds .

========================================================================
Received Import Request.
  Time since last request: 0.006753 seconds.
  path: Assets/0_Game/Particles/Particle Round With Glow.png
  artifactKey: Guid(26a47000b2b63ab4a8495532439e96b9) Importer(815301076,1909f56bfc062723c751e8b465ee728b)
Start importing Assets/0_Game/Particles/Particle Round With Glow.png using Guid(26a47000b2b63ab4a8495532439e96b9) Importer(815301076,1909f56bfc062723c751e8b465ee728b)  -> (artifact id: '6efeef4b1c99006d3af3f5409c205013') in 0.004955 seconds
  Import took 0.007291 seconds .

========================================================================
Received Import Request.
  Time since last request: 56.057079 seconds.
  path: Assets/0_Game/Particles/Particle Round Solid for explosion.mat
  artifactKey: Guid(b4721e89c54c94c488af3112ac3bb4c3) Importer(815301076,1909f56bfc062723c751e8b465ee728b)
Start importing Assets/0_Game/Particles/Particle Round Solid for explosion.mat using Guid(b4721e89c54c94c488af3112ac3bb4c3) Importer(815301076,1909f56bfc062723c751e8b465ee728b)  -> (artifact id: 'f32b0586890db672ac68dfe76584ae23') in 0.006645 seconds
  Import took 0.009473 seconds .

========================================================================
Received Import Request.
  Time since last request: 0.015433 seconds.
  path: Assets/0_Game/Particles/Particle Round Solid for explosion.mat
  artifactKey: Guid(b4721e89c54c94c488af3112ac3bb4c3) Importer(815301076,1909f56bfc062723c751e8b465ee728b)
Start importing Assets/0_Game/Particles/Particle Round Solid for explosion.mat using Guid(b4721e89c54c94c488af3112ac3bb4c3) Importer(815301076,1909f56bfc062723c751e8b465ee728b)  -> (artifact id: 'f32b0586890db672ac68dfe76584ae23') in 0.005871 seconds
  Import took 0.008296 seconds .

AssetImportWorkerClient::OnTransportError - code=2 error=End of file
