Using pre-set license
Built from '2020.3/staging' branch; Version is '2020.3.11f1 (99c7afb366b3) revision 10078127'; Using compiler version '192528614'; Build Type 'Release'
OS: 'Windows 10 Home; OS build 19043.1110; Version 2009; 64bit' Language: 'zh' Physical Memory: 16335 MB
BatchMode: 1, IsHumanControllingUs: 0, StartBugReporterOnCrash: 0, Is64bit: 1, IsPro: 0

 COMMAND LINE ARGUMENTS:
C:\Program Files\Unity\Hub\Editor\2020.3.11f1\Editor\Unity.exe
-adb2
-batchMode
-noUpm
-name
AssetImportWorker0
-projectPath
D:/dev/UnityPractice_03/UdemyUnityCourse04
-logFile
Logs/AssetImportWorker0.log
-srvPort
7699
Successfully changed project path to: D:/dev/UnityPractice_03/UdemyUnityCourse04
D:/dev/UnityPractice_03/UdemyUnityCourse04
Using Asset Import Pipeline V2.
Refreshing native plugins compatible for Editor in 31.59 ms, found 2 plugins.
Preloading 0 native plugins for Editor in 0.00 ms.
Initialize engine version: 2020.3.11f1 (99c7afb366b3)
[Subsystems] Discovering subsystems at path C:/Program Files/Unity/Hub/Editor/2020.3.11f1/Editor/Data/Resources/UnitySubsystems
[Subsystems] Discovering subsystems at path D:/dev/UnityPractice_03/UdemyUnityCourse04/Assets
GfxDevice: creating device client; threaded=0
Direct3D:
    Version:  Direct3D 11.0 [level 11.1]
    Renderer: NVIDIA GeForce GTX 1060 6GB (ID=0x1c03)
    Vendor:   
    VRAM:     6052 MB
    Driver:   30.0.14.7168
Initialize mono
Mono path[0] = 'C:/Program Files/Unity/Hub/Editor/2020.3.11f1/Editor/Data/Managed'
Mono path[1] = 'C:/Program Files/Unity/Hub/Editor/2020.3.11f1/Editor/Data/MonoBleedingEdge/lib/mono/unityjit'
Mono config path = 'C:/Program Files/Unity/Hub/Editor/2020.3.11f1/Editor/Data/MonoBleedingEdge/etc'
Using monoOptions --debugger-agent=transport=dt_socket,embedding=1,server=y,suspend=n,address=127.0.0.1:56352
Begin MonoManager ReloadAssembly
Registering precompiled unity dll's ...
Register platform support module: C:/Program Files/Unity/Hub/Editor/2020.3.11f1/Editor/Data/PlaybackEngines/WebGLSupport/UnityEditor.WebGL.Extensions.dll
Register platform support module: C:/Program Files/Unity/Hub/Editor/2020.3.11f1/Editor/Data/PlaybackEngines/WindowsStandaloneSupport/UnityEditor.WindowsStandalone.Extensions.dll
Registered in 0.002463 seconds.
Native extension for WindowsStandalone target not found
Native extension for WebGL target not found
Refreshing native plugins compatible for Editor in 30.23 ms, found 2 plugins.
Preloading 0 native plugins for Editor in 0.00 ms.
Mono: successfully reloaded assembly
- Completed reload, in  2.103 seconds
Platform modules already initialized, skipping
Registering precompiled user dll's ...
Registered in 0.002779 seconds.
Begin MonoManager ReloadAssembly
Native extension for WindowsStandalone target not found
Native extension for WebGL target not found
Refreshing native plugins compatible for Editor in 29.56 ms, found 2 plugins.
Preloading 0 native plugins for Editor in 0.00 ms.
Mono: successfully reloaded assembly
- Completed reload, in  1.262 seconds
Platform modules already initialized, skipping
========================================================================
Worker process is ready to serve import requests
Launched and connected shader compiler UnityShaderCompiler.exe after 0.04 seconds
Refreshing native plugins compatible for Editor in 0.37 ms, found 2 plugins.
Preloading 0 native plugins for Editor in 0.00 ms.
Unloading 1892 Unused Serialized files (Serialized files now loaded: 0)
System memory in use before: 111.2 MB.
System memory in use after: 111.0 MB.

Unloading 34 unused Assets to reduce memory usage. Loaded Objects now: 2363.
Total: 2.066200 ms (FindLiveObjects: 0.155900 ms CreateObjectMapping: 0.057000 ms MarkObjects: 1.665400 ms  DeleteObjects: 0.187000 ms)

========================================================================
Received Import Request.
  path: Assets/Scripts/DeleteMe.cs
  artifactKey: Guid(fbf35682d9079834f847cd954b9ebb76) Importer(815301076,1909f56bfc062723c751e8b465ee728b)
Start importing Assets/Scripts/DeleteMe.cs using Guid(fbf35682d9079834f847cd954b9ebb76) Importer(815301076,1909f56bfc062723c751e8b465ee728b)  -> (artifact id: '6aa57c7ed7a94bbf5482504bc054f9ad') in 0.023044 seconds
  Import took 0.025335 seconds .

========================================================================
Received Prepare
Registering precompiled user dll's ...
Registered in 0.002733 seconds.
Begin MonoManager ReloadAssembly
Native extension for WindowsStandalone target not found
Native extension for WebGL target not found
Refreshing native plugins compatible for Editor in 0.35 ms, found 2 plugins.
Preloading 0 native plugins for Editor in 0.00 ms.
Mono: successfully reloaded assembly
- Completed reload, in  1.190 seconds
Platform modules already initialized, skipping
Refreshing native plugins compatible for Editor in 0.38 ms, found 2 plugins.
Preloading 0 native plugins for Editor in 0.00 ms.
Unloading 1845 Unused Serialized files (Serialized files now loaded: 0)
System memory in use before: 107.3 MB.
System memory in use after: 107.2 MB.

Unloading 18 unused Assets to reduce memory usage. Loaded Objects now: 2364.
Total: 2.317300 ms (FindLiveObjects: 0.170200 ms CreateObjectMapping: 0.051900 ms MarkObjects: 1.923300 ms  DeleteObjects: 0.170800 ms)

========================================================================
Received Prepare
Registering precompiled user dll's ...
Registered in 0.002695 seconds.
Begin MonoManager ReloadAssembly
Native extension for WindowsStandalone target not found
Native extension for WebGL target not found
Refreshing native plugins compatible for Editor in 0.35 ms, found 2 plugins.
Preloading 0 native plugins for Editor in 0.00 ms.
Mono: successfully reloaded assembly
- Completed reload, in  1.155 seconds
Platform modules already initialized, skipping
Refreshing native plugins compatible for Editor in 0.36 ms, found 2 plugins.
Preloading 0 native plugins for Editor in 0.00 ms.
Unloading 1845 Unused Serialized files (Serialized files now loaded: 0)
System memory in use before: 107.3 MB.
System memory in use after: 107.2 MB.

Unloading 17 unused Assets to reduce memory usage. Loaded Objects now: 2366.
Total: 2.282400 ms (FindLiveObjects: 0.160400 ms CreateObjectMapping: 0.047200 ms MarkObjects: 1.903800 ms  DeleteObjects: 0.170300 ms)

========================================================================
Received Prepare
Registering precompiled user dll's ...
Registered in 0.002739 seconds.
Begin MonoManager ReloadAssembly
Native extension for WindowsStandalone target not found
Native extension for WebGL target not found
Refreshing native plugins compatible for Editor in 0.36 ms, found 2 plugins.
Preloading 0 native plugins for Editor in 0.00 ms.
Mono: successfully reloaded assembly
- Completed reload, in  1.177 seconds
Platform modules already initialized, skipping
Refreshing native plugins compatible for Editor in 0.36 ms, found 2 plugins.
Preloading 0 native plugins for Editor in 0.00 ms.
Unloading 1845 Unused Serialized files (Serialized files now loaded: 0)
System memory in use before: 107.3 MB.
System memory in use after: 107.2 MB.

Unloading 17 unused Assets to reduce memory usage. Loaded Objects now: 2368.
Total: 1.960200 ms (FindLiveObjects: 0.145700 ms CreateObjectMapping: 0.049200 ms MarkObjects: 1.591900 ms  DeleteObjects: 0.172600 ms)

========================================================================
Received Prepare
Registering precompiled user dll's ...
Registered in 0.003777 seconds.
Begin MonoManager ReloadAssembly
Native extension for WindowsStandalone target not found
Native extension for WebGL target not found
Refreshing native plugins compatible for Editor in 23.88 ms, found 2 plugins.
Preloading 0 native plugins for Editor in 0.00 ms.
NoiseLib::GatherNoiseTypes: Failed to get types from assembly: Assembly-CSharp, Version=0.0.0.0, Culture=neutral, PublicKeyToken=null
UnityEngine.StackTraceUtility:ExtractStackTrace ()
UnityEngine.DebugLogHandler:LogFormat (UnityEngine.LogType,UnityEngine.Object,string,object[])
UnityEngine.Logger:Log (UnityEngine.LogType,object)
UnityEngine.Debug:Log (object)
UnityEditor.Experimental.TerrainAPI.NoiseLib:GatherNoiseTypes () (at Library/PackageCache/com.unity.terrain-tools@3.0.2-preview.3/Editor/TerrainTools/NoiseLib/API/NoiseLib.cs:306)
UnityEditor.Experimental.TerrainAPI.NoiseLib:GenerateHeaderFiles () (at Library/PackageCache/com.unity.terrain-tools@3.0.2-preview.3/Editor/TerrainTools/NoiseLib/API/NoiseLib.cs:577)
UnityEditor.Experimental.TerrainAPI.NoiseLib:.cctor () (at Library/PackageCache/com.unity.terrain-tools@3.0.2-preview.3/Editor/TerrainTools/NoiseLib/API/NoiseLib.cs:40)
System.Runtime.CompilerServices.RuntimeHelpers:RunClassConstructor (System.RuntimeTypeHandle)
UnityEditor.EditorAssemblies:ProcessInitializeOnLoadAttributes (System.Type[])

(Filename: Library/PackageCache/com.unity.terrain-tools@3.0.2-preview.3/Editor/TerrainTools/NoiseLib/API/NoiseLib.cs Line: 306)

NoiseLib::GatherFractalTypes: Failed to get types from assembly: Assembly-CSharp, Version=0.0.0.0, Culture=neutral, PublicKeyToken=null
UnityEngine.StackTraceUtility:ExtractStackTrace ()
UnityEngine.DebugLogHandler:LogFormat (UnityEngine.LogType,UnityEngine.Object,string,object[])
UnityEngine.Logger:Log (UnityEngine.LogType,object)
UnityEngine.Debug:Log (object)
UnityEditor.Experimental.TerrainAPI.NoiseLib:GatherFractalTypes () (at Library/PackageCache/com.unity.terrain-tools@3.0.2-preview.3/Editor/TerrainTools/NoiseLib/API/NoiseLib.cs:355)
UnityEditor.Experimental.TerrainAPI.NoiseLib:GenerateHeaderFiles () (at Library/PackageCache/com.unity.terrain-tools@3.0.2-preview.3/Editor/TerrainTools/NoiseLib/API/NoiseLib.cs:578)
UnityEditor.Experimental.TerrainAPI.NoiseLib:.cctor () (at Library/PackageCache/com.unity.terrain-tools@3.0.2-preview.3/Editor/TerrainTools/NoiseLib/API/NoiseLib.cs:40)
System.Runtime.CompilerServices.RuntimeHelpers:RunClassConstructor (System.RuntimeTypeHandle)
UnityEditor.EditorAssemblies:ProcessInitializeOnLoadAttributes (System.Type[])

(Filename: Library/PackageCache/com.unity.terrain-tools@3.0.2-preview.3/Editor/TerrainTools/NoiseLib/API/NoiseLib.cs Line: 355)

Mono: successfully reloaded assembly
- Completed reload, in  1.127 seconds
Platform modules already initialized, skipping
Refreshing native plugins compatible for Editor in 0.35 ms, found 2 plugins.
Preloading 0 native plugins for Editor in 0.00 ms.
Unloading 1549 Unused Serialized files (Serialized files now loaded: 0)
System memory in use before: 101.3 MB.
System memory in use after: 101.2 MB.

Unloading 311 unused Assets to reduce memory usage. Loaded Objects now: 2076.
Total: 2.032900 ms (FindLiveObjects: 0.160500 ms CreateObjectMapping: 0.048500 ms MarkObjects: 1.586800 ms  DeleteObjects: 0.235900 ms)

AssetImportWorkerClient::OnTransportError - code=2 error=End of file
